2022-7월-22 00:17:59 오전 [http-nio-8090-exec-5] INFO  com.company.bbs.controller.board.OpenapiController - openapi 글목록
2022-7월-22 00:18:41 오전 [http-nio-8090-exec-10] INFO  com.company.bbs.controller.board.OpenapiController - openapi 글목록
2022-7월-22 00:19:08 오전 [http-nio-8090-exec-4] INFO  com.company.bbs.controller.board.OpenapiController - openapi 글목록
2022-7월-22 00:20:43 오전 [http-nio-8090-exec-8] INFO  com.company.bbs.controller.board.OpenapiController - openapi 글목록
2022-7월-22 07:05:52 오전 [main] INFO  org.springframework.jdbc.datasource.DriverManagerDataSource - Loaded JDBC driver: net.sf.log4jdbc.sql.jdbcapi.DriverSpy
2022-7월-22 07:05:53 오전 [main] INFO  org.springmodules.validation.commons.DefaultValidatorFactory - Loading validation configurations from [class path resource [validator/config/validator-rules.xml],file [/Users/ojeonghwan/eclipse-workspace/.metadata/.plugins/org.eclipse.wst.server.core/tmp0/wtpwebapps/SpringMVC/WEB-INF/classes/validator/attachValidator.xml],file [/Users/ojeonghwan/eclipse-workspace/.metadata/.plugins/org.eclipse.wst.server.core/tmp0/wtpwebapps/SpringMVC/WEB-INF/classes/validator/boardValidator.xml],file [/Users/ojeonghwan/eclipse-workspace/.metadata/.plugins/org.eclipse.wst.server.core/tmp0/wtpwebapps/SpringMVC/WEB-INF/classes/validator/categoryValidator.xml],file [/Users/ojeonghwan/eclipse-workspace/.metadata/.plugins/org.eclipse.wst.server.core/tmp0/wtpwebapps/SpringMVC/WEB-INF/classes/validator/commentValidator.xml],file [/Users/ojeonghwan/eclipse-workspace/.metadata/.plugins/org.eclipse.wst.server.core/tmp0/wtpwebapps/SpringMVC/WEB-INF/classes/validator/config/validator-rules.xml],file [/Users/ojeonghwan/eclipse-workspace/.metadata/.plugins/org.eclipse.wst.server.core/tmp0/wtpwebapps/SpringMVC/WEB-INF/classes/validator/emailValidator.xml],file [/Users/ojeonghwan/eclipse-workspace/.metadata/.plugins/org.eclipse.wst.server.core/tmp0/wtpwebapps/SpringMVC/WEB-INF/classes/validator/memberValidator.xml]]
2022-7월-22 07:05:59 오전 [http-nio-8090-exec-1] INFO  com.company.bbs.HomeController - Welcome home! The client locale is ko.
2022-7월-22 07:06:34 오전 [http-nio-8090-exec-3] INFO  com.company.bbs.HomeController - Welcome home! The client locale is ko.
2022-7월-22 07:06:39 오전 [http-nio-8090-exec-5] INFO  com.company.bbs.controller.board.OpenapiController - openapi 글목록
2022-7월-22 07:09:22 오전 [http-nio-8090-exec-9] INFO  com.company.bbs.controller.board.OpenapiController - openapi 글목록
2022-7월-22 07:27:21 오전 [http-nio-8090-exec-6] INFO  com.company.bbs.controller.board.OpenapiController - openapi 글목록
2022-7월-22 07:27:39 오전 [http-nio-8090-exec-3] INFO  com.company.bbs.controller.board.OpenapiController - openapi 글목록
2022-7월-22 07:28:27 오전 [http-nio-8090-exec-10] INFO  com.company.bbs.controller.board.OpenapiController - openapi 글목록
2022-7월-22 07:29:25 오전 [http-nio-8090-exec-1] INFO  com.company.bbs.controller.board.OpenapiController - openapi 글목록
2022-7월-22 07:31:16 오전 [http-nio-8090-exec-4] INFO  com.company.bbs.controller.board.OpenapiController - openapi 글목록
2022-7월-22 07:32:14 오전 [http-nio-8090-exec-7] INFO  com.company.bbs.controller.board.OpenapiController - openapi 글목록
2022-7월-22 07:33:58 오전 [http-nio-8090-exec-6] INFO  com.company.bbs.controller.board.OpenapiController - openapi 글목록
2022-7월-22 07:34:37 오전 [http-nio-8090-exec-10] INFO  com.company.bbs.controller.board.OpenapiController - openapi 글목록
2022-7월-22 07:36:53 오전 [http-nio-8090-exec-1] INFO  com.company.bbs.controller.board.OpenapiController - openapi 글목록
2022-7월-22 07:37:40 오전 [http-nio-8090-exec-4] INFO  com.company.bbs.controller.board.OpenapiController - openapi 글목록
2022-7월-22 07:38:04 오전 [http-nio-8090-exec-8] INFO  com.company.bbs.controller.board.OpenapiController - openapi 글목록
2022-7월-22 07:38:46 오전 [http-nio-8090-exec-10] INFO  com.company.bbs.controller.board.OpenapiController - openapi 글목록
2022-7월-22 07:39:26 오전 [http-nio-8090-exec-2] INFO  com.company.bbs.controller.board.OpenapiController - openapi 글목록
2022-7월-22 07:41:11 오전 [http-nio-8090-exec-4] INFO  com.company.bbs.controller.board.OpenapiController - openapi 글목록
2022-7월-22 07:41:28 오전 [http-nio-8090-exec-8] INFO  com.company.bbs.controller.board.OpenapiController - openapi 글목록
2022-7월-22 07:41:57 오전 [http-nio-8090-exec-2] INFO  com.company.bbs.controller.board.OpenapiController - openapi 글목록
2022-7월-22 07:42:23 오전 [http-nio-8090-exec-4] INFO  com.company.bbs.controller.board.OpenapiController - openapi 글목록
2022-7월-22 07:43:19 오전 [http-nio-8090-exec-7] INFO  com.company.bbs.controller.board.OpenapiController - openapi 글목록
2022-7월-22 07:43:42 오전 [http-nio-8090-exec-5] INFO  com.company.bbs.controller.board.OpenapiController - openapi 글목록
2022-7월-22 07:44:30 오전 [http-nio-8090-exec-8] INFO  com.company.bbs.controller.board.OpenapiController - openapi 글목록
2022-7월-22 07:46:26 오전 [http-nio-8090-exec-2] INFO  com.company.bbs.controller.board.OpenapiController - openapi 글목록
2022-7월-22 07:47:16 오전 [http-nio-8090-exec-4] INFO  com.company.bbs.controller.board.OpenapiController - openapi 글목록
2022-7월-22 07:48:03 오전 [http-nio-8090-exec-7] INFO  com.company.bbs.controller.board.OpenapiController - openapi 글목록
2022-7월-22 07:48:57 오전 [http-nio-8090-exec-5] INFO  com.company.bbs.controller.board.OpenapiController - openapi 글목록
2022-7월-22 07:49:51 오전 [http-nio-8090-exec-8] INFO  com.company.bbs.controller.board.OpenapiController - openapi 글목록
2022-7월-22 07:50:26 오전 [http-nio-8090-exec-2] INFO  com.company.bbs.controller.board.OpenapiController - openapi 글목록
2022-7월-22 07:50:49 오전 [http-nio-8090-exec-4] INFO  com.company.bbs.controller.board.OpenapiController - openapi 글목록
2022-7월-22 08:03:39 오전 [http-nio-8090-exec-7] INFO  com.company.bbs.controller.board.OpenapiController - openapi 글목록
2022-7월-22 08:04:56 오전 [http-nio-8090-exec-5] INFO  com.company.bbs.controller.board.OpenapiController - openapi 글목록
2022-7월-22 08:06:09 오전 [http-nio-8090-exec-8] INFO  com.company.bbs.controller.board.OpenapiController - openapi 글목록
2022-7월-22 08:06:34 오전 [http-nio-8090-exec-2] INFO  com.company.bbs.controller.board.OpenapiController - openapi 글목록
2022-7월-22 08:08:51 오전 [http-nio-8090-exec-4] INFO  com.company.bbs.controller.board.OpenapiController - openapi 글목록
2022-7월-22 08:19:06 오전 [http-nio-8090-exec-7] INFO  com.company.bbs.controller.board.OpenapiController - openapi 글목록
2022-7월-22 08:28:54 오전 [http-nio-8090-exec-5] INFO  com.company.bbs.controller.board.OpenapiController - openapi 글목록
2022-7월-22 08:29:33 오전 [http-nio-8090-exec-8] INFO  com.company.bbs.controller.board.OpenapiController - openapi 글목록
2022-7월-22 08:30:34 오전 [http-nio-8090-exec-2] INFO  com.company.bbs.controller.board.OpenapiController - openapi 글목록
2022-7월-22 08:31:25 오전 [http-nio-8090-exec-4] INFO  com.company.bbs.controller.board.OpenapiController - openapi 글목록
2022-7월-22 08:31:50 오전 [http-nio-8090-exec-7] INFO  com.company.bbs.controller.board.OpenapiController - openapi 글목록
2022-7월-22 09:09:21 오전 [http-nio-8090-exec-5] INFO  com.company.bbs.controller.board.OpenapiController - openapi 글목록
2022-7월-22 09:09:44 오전 [http-nio-8090-exec-8] INFO  com.company.bbs.controller.board.OpenapiController - openapi 글목록
2022-7월-22 09:11:02 오전 [http-nio-8090-exec-2] INFO  com.company.bbs.controller.board.OpenapiController - openapi 글목록
2022-7월-22 09:11:47 오전 [http-nio-8090-exec-4] INFO  com.company.bbs.controller.board.OpenapiController - openapi 글목록
2022-7월-22 09:12:26 오전 [http-nio-8090-exec-7] INFO  com.company.bbs.controller.board.OpenapiController - openapi 글목록
2022-7월-22 09:14:43 오전 [http-nio-8090-exec-5] INFO  com.company.bbs.controller.board.OpenapiController - openapi 글목록
2022-7월-22 09:17:40 오전 [http-nio-8090-exec-8] INFO  com.company.bbs.controller.board.OpenapiController - openapi 글목록
2022-7월-22 09:18:49 오전 [http-nio-8090-exec-2] INFO  com.company.bbs.controller.board.OpenapiController - openapi 글목록
2022-7월-22 09:34:03 오전 [http-nio-8090-exec-4] INFO  com.company.bbs.controller.board.OpenapiController - openapi 글목록
2022-7월-22 09:34:29 오전 [http-nio-8090-exec-7] INFO  com.company.bbs.controller.board.OpenapiController - openapi 글목록
2022-7월-22 09:35:41 오전 [http-nio-8090-exec-5] INFO  com.company.bbs.controller.board.OpenapiController - openapi 글목록
2022-7월-22 09:36:31 오전 [http-nio-8090-exec-8] INFO  com.company.bbs.controller.board.OpenapiController - openapi 글목록
2022-7월-22 09:36:54 오전 [http-nio-8090-exec-2] INFO  com.company.bbs.controller.board.OpenapiController - openapi 글목록
2022-7월-22 09:37:02 오전 [http-nio-8090-exec-9] INFO  com.company.bbs.controller.board.OpenapiController - openapi 글목록
2022-7월-22 09:37:44 오전 [http-nio-8090-exec-7] INFO  com.company.bbs.controller.board.OpenapiController - openapi 글목록
2022-7월-22 09:38:05 오전 [http-nio-8090-exec-2] INFO  com.company.bbs.controller.board.OpenapiController - openapi 글목록
2022-7월-22 09:38:39 오전 [http-nio-8090-exec-10] INFO  com.company.bbs.controller.board.OpenapiController - openapi 글목록
2022-7월-22 09:40:03 오전 [http-nio-8090-exec-7] INFO  com.company.bbs.controller.board.OpenapiController - openapi 글목록
2022-7월-22 09:40:26 오전 [http-nio-8090-exec-5] INFO  com.company.bbs.controller.board.OpenapiController - openapi 글목록
2022-7월-22 09:40:38 오전 [http-nio-8090-exec-10] INFO  com.company.bbs.controller.board.OpenapiController - openapi 글목록
2022-7월-22 09:42:27 오전 [http-nio-8090-exec-7] INFO  com.company.bbs.controller.board.OpenapiController - openapi 글목록
2022-7월-22 09:42:31 오전 [http-nio-8090-exec-2] INFO  com.company.bbs.controller.board.OpenapiController - openapi 글목록
2022-7월-22 09:44:45 오전 [http-nio-8090-exec-10] INFO  com.company.bbs.controller.board.OpenapiController - openapi 글목록
2022-7월-22 09:45:14 오전 [http-nio-8090-exec-7] INFO  com.company.bbs.controller.board.OpenapiController - openapi 글목록
2022-7월-22 09:45:40 오전 [http-nio-8090-exec-5] INFO  com.company.bbs.controller.board.OpenapiController - openapi 글목록
2022-7월-22 09:45:44 오전 [http-nio-8090-exec-10] INFO  com.company.bbs.controller.board.OpenapiController - openapi 글목록
2022-7월-22 09:46:38 오전 [http-nio-8090-exec-7] INFO  com.company.bbs.controller.board.OpenapiController - openapi 글목록
2022-7월-22 09:47:17 오전 [http-nio-8090-exec-5] INFO  com.company.bbs.controller.board.OpenapiController - openapi 글목록
2022-7월-22 09:49:04 오전 [http-nio-8090-exec-4] INFO  com.company.bbs.controller.board.OpenapiController - openapi 글목록
2022-7월-22 09:49:50 오전 [http-nio-8090-exec-6] INFO  com.company.bbs.controller.board.OpenapiController - openapi 글목록
2022-7월-22 09:50:22 오전 [http-nio-8090-exec-9] INFO  com.company.bbs.controller.board.OpenapiController - openapi 글목록
2022-7월-22 09:50:29 오전 [http-nio-8090-exec-8] INFO  com.company.bbs.controller.board.OpenapiController - openapi 글목록
2022-7월-22 09:50:51 오전 [http-nio-8090-exec-10] INFO  com.company.bbs.controller.board.OpenapiController - openapi 글목록
2022-7월-22 09:56:49 오전 [http-nio-8090-exec-4] INFO  com.company.bbs.controller.board.OpenapiController - openapi 글목록
2022-7월-22 09:57:58 오전 [http-nio-8090-exec-8] INFO  com.company.bbs.controller.board.OpenapiController - openapi 글목록
2022-7월-22 10:02:16 오전 [http-nio-8090-exec-4] INFO  com.company.bbs.controller.board.OpenapiController - openapi 글목록
2022-7월-22 10:03:14 오전 [http-nio-8090-exec-3] INFO  com.company.bbs.controller.board.OpenapiController - openapi 글목록
2022-7월-22 10:03:57 오전 [http-nio-8090-exec-5] INFO  com.company.bbs.controller.board.OpenapiController - openapi 글목록
2022-7월-22 10:07:48 오전 [http-nio-8090-exec-6] INFO  com.company.bbs.controller.board.OpenapiController - openapi 글목록
2022-7월-22 10:08:23 오전 [http-nio-8090-exec-10] INFO  com.company.bbs.controller.board.OpenapiController - openapi 글목록
2022-7월-22 10:08:35 오전 [http-nio-8090-exec-1] INFO  com.company.bbs.controller.board.OpenapiController - openapi 글목록
2022-7월-22 10:09:38 오전 [http-nio-8090-exec-10] INFO  com.company.bbs.controller.board.OpenapiController - openapi 글목록
2022-7월-22 10:10:07 오전 [http-nio-8090-exec-7] INFO  com.company.bbs.controller.board.OpenapiController - openapi 글목록
2022-7월-22 10:14:45 오전 [http-nio-8090-exec-3] INFO  com.company.bbs.controller.board.OpenapiController - openapi 글목록
2022-7월-22 10:14:51 오전 [http-nio-8090-exec-1] INFO  com.company.bbs.controller.board.OpenapiController - openapi 글목록
2022-7월-22 10:17:48 오전 [http-nio-8090-exec-9] INFO  com.company.bbs.controller.board.OpenapiController - openapi 글목록
2022-7월-22 10:17:56 오전 [http-nio-8090-exec-7] INFO  com.company.bbs.controller.board.OpenapiController - openapi 글목록
2022-7월-22 10:19:47 오전 [http-nio-8090-exec-5] INFO  com.company.bbs.controller.board.OpenapiController - openapi 글목록
2022-7월-22 10:21:32 오전 [http-nio-8090-exec-3] INFO  com.company.bbs.controller.board.OpenapiController - openapi 글목록
2022-7월-22 10:22:07 오전 [http-nio-8090-exec-5] INFO  com.company.bbs.controller.board.OpenapiController - openapi 글목록
2022-7월-22 10:22:45 오전 [http-nio-8090-exec-1] INFO  com.company.bbs.controller.board.OpenapiController - openapi 글목록
2022-7월-22 10:24:15 오전 [http-nio-8090-exec-7] INFO  com.company.bbs.controller.board.OpenapiController - openapi 글목록
2022-7월-22 10:24:43 오전 [http-nio-8090-exec-9] INFO  com.company.bbs.controller.board.OpenapiController - openapi 글목록
2022-7월-22 10:27:34 오전 [http-nio-8090-exec-3] INFO  com.company.bbs.controller.board.OpenapiController - openapi 글목록
2022-7월-22 10:28:09 오전 [http-nio-8090-exec-5] INFO  com.company.bbs.controller.board.OpenapiController - openapi 글목록
2022-7월-22 10:28:57 오전 [http-nio-8090-exec-1] INFO  com.company.bbs.controller.board.OpenapiController - openapi 글목록
2022-7월-22 11:10:39 오전 [Catalina-utility-2] INFO  org.springframework.jdbc.datasource.DriverManagerDataSource - Loaded JDBC driver: net.sf.log4jdbc.sql.jdbcapi.DriverSpy
2022-7월-22 11:10:39 오전 [Catalina-utility-2] INFO  org.springmodules.validation.commons.DefaultValidatorFactory - Loading validation configurations from [class path resource [validator/config/validator-rules.xml],file [/Users/ojeonghwan/eclipse-workspace/.metadata/.plugins/org.eclipse.wst.server.core/tmp0/wtpwebapps/SpringMVC/WEB-INF/classes/validator/attachValidator.xml],file [/Users/ojeonghwan/eclipse-workspace/.metadata/.plugins/org.eclipse.wst.server.core/tmp0/wtpwebapps/SpringMVC/WEB-INF/classes/validator/boardValidator.xml],file [/Users/ojeonghwan/eclipse-workspace/.metadata/.plugins/org.eclipse.wst.server.core/tmp0/wtpwebapps/SpringMVC/WEB-INF/classes/validator/categoryValidator.xml],file [/Users/ojeonghwan/eclipse-workspace/.metadata/.plugins/org.eclipse.wst.server.core/tmp0/wtpwebapps/SpringMVC/WEB-INF/classes/validator/commentValidator.xml],file [/Users/ojeonghwan/eclipse-workspace/.metadata/.plugins/org.eclipse.wst.server.core/tmp0/wtpwebapps/SpringMVC/WEB-INF/classes/validator/config/validator-rules.xml],file [/Users/ojeonghwan/eclipse-workspace/.metadata/.plugins/org.eclipse.wst.server.core/tmp0/wtpwebapps/SpringMVC/WEB-INF/classes/validator/emailValidator.xml],file [/Users/ojeonghwan/eclipse-workspace/.metadata/.plugins/org.eclipse.wst.server.core/tmp0/wtpwebapps/SpringMVC/WEB-INF/classes/validator/memberValidator.xml]]
2022-7월-22 11:18:05 오전 [http-nio-8090-exec-12] INFO  com.company.bbs.controller.board.OpenapiController - openapi 글목록
2022-7월-22 11:18:41 오전 [http-nio-8090-exec-19] INFO  com.company.bbs.controller.board.OpenapiController - openapi 글목록
2022-7월-22 11:20:30 오전 [http-nio-8090-exec-16] INFO  com.company.bbs.controller.board.OpenapiController - openapi 글목록
2022-7월-22 11:23:59 오전 [http-nio-8090-exec-13] INFO  com.company.bbs.controller.board.OpenapiController - openapi 글목록
2022-7월-22 11:24:06 오전 [http-nio-8090-exec-19] INFO  com.company.bbs.controller.board.BoardController - 글목록
2022-7월-22 11:25:44 오전 [http-nio-8090-exec-15] INFO  com.company.bbs.controller.board.OpenapiController - openapi 글목록
2022-7월-22 11:25:48 오전 [http-nio-8090-exec-17] INFO  com.company.bbs.controller.board.BoardController - 글목록
2022-7월-22 11:37:28 오전 [http-nio-8090-exec-15] INFO  com.company.bbs.controller.board.OpenapiController - openapi 글목록
2022-7월-22 13:38:46 오후 [http-nio-8090-exec-15] INFO  com.company.bbs.controller.board.OpenapiController - openapi 글목록
2022-7월-22 13:44:30 오후 [http-nio-8090-exec-15] INFO  com.company.bbs.controller.board.OpenapiController - openapi 글목록
2022-7월-22 13:45:12 오후 [http-nio-8090-exec-12] INFO  com.company.bbs.controller.board.OpenapiController - openapi 글목록
2022-7월-22 13:45:34 오후 [http-nio-8090-exec-15] INFO  com.company.bbs.controller.board.OpenapiController - openapi 글목록
2022-7월-22 13:45:58 오후 [http-nio-8090-exec-19] INFO  com.company.bbs.controller.board.OpenapiController - openapi 글목록
2022-7월-22 13:46:52 오후 [http-nio-8090-exec-18] INFO  com.company.bbs.controller.board.OpenapiController - openapi 글목록
2022-7월-22 13:50:11 오후 [http-nio-8090-exec-19] INFO  com.company.bbs.controller.board.OpenapiController - openapi 글목록
2022-7월-22 13:51:49 오후 [http-nio-8090-exec-18] INFO  com.company.bbs.controller.board.OpenapiController - openapi 글목록
2022-7월-22 13:53:36 오후 [http-nio-8090-exec-19] INFO  com.company.bbs.controller.board.OpenapiController - openapi 글목록
2022-7월-22 13:54:06 오후 [http-nio-8090-exec-18] INFO  com.company.bbs.controller.board.BoardController - 글목록
2022-7월-22 13:54:11 오후 [http-nio-8090-exec-15] INFO  com.company.bbs.controller.board.BoardController - 글쓰기
2022-7월-22 13:59:03 오후 [http-nio-8090-exec-15] INFO  com.company.bbs.controller.board.BoardController - 글쓰기
2022-7월-22 13:59:10 오후 [http-nio-8090-exec-12] INFO  com.company.bbs.controller.board.OpenapiController - openapi 글목록
2022-7월-22 13:59:32 오후 [http-nio-8090-exec-13] INFO  com.company.bbs.controller.board.OpenapiController - openapi 글목록
2022-7월-22 13:59:49 오후 [http-nio-8090-exec-18] INFO  com.company.bbs.controller.board.OpenapiController - openapi 글목록
2022-7월-22 14:00:26 오후 [http-nio-8090-exec-12] INFO  com.company.bbs.controller.board.OpenapiController - openapi 글목록
2022-7월-22 14:02:13 오후 [http-nio-8090-exec-13] INFO  com.company.bbs.controller.board.OpenapiController - openapi 글목록
2022-7월-22 14:02:29 오후 [http-nio-8090-exec-15] INFO  com.company.bbs.controller.board.OpenapiController - openapi 글목록
2022-7월-22 14:02:41 오후 [http-nio-8090-exec-12] INFO  com.company.bbs.controller.board.OpenapiController - openapi 글목록
2022-7월-22 14:02:52 오후 [http-nio-8090-exec-16] INFO  com.company.bbs.controller.board.OpenapiController - openapi 글목록
2022-7월-22 14:03:20 오후 [http-nio-8090-exec-18] INFO  com.company.bbs.controller.board.OpenapiController - openapi 글목록
2022-7월-22 14:03:26 오후 [http-nio-8090-exec-17] INFO  com.company.bbs.controller.board.OpenapiController - openapi 글목록
2022-7월-22 14:54:46 오후 [http-nio-8090-exec-16] INFO  com.company.bbs.controller.board.OpenapiController - openapi 글목록
2022-7월-22 14:56:52 오후 [http-nio-8090-exec-15] INFO  com.company.bbs.controller.board.OpenapiController - openapi 글목록
2022-7월-22 14:57:30 오후 [http-nio-8090-exec-11] INFO  com.company.bbs.controller.board.OpenapiController - openapi 글목록
