2022-12월-21 12:59:37 오후 [http-nio-8080-exec-2] DEBUG jdbc.resultset - 100. ResultSet.getString(userid) returned admin  org.apache.ibatis.type.StringTypeHandler.getNullableResult(StringTypeHandler.java:37)
2022-12월-21 12:59:37 오후 [http-nio-8080-exec-2] DEBUG jdbc.resultset - 100. ResultSet.getString(name) returned 관리자  org.apache.ibatis.type.StringTypeHandler.getNullableResult(StringTypeHandler.java:37)
2022-12월-21 12:59:37 오후 [http-nio-8080-exec-2] DEBUG jdbc.resultset - 100. ResultSet.getString(pass) returned $2a$10$ll72HKcv1JhjenZXMfDnQ.H/i9M5qHOAxDR0Sn4UueciMnd9itxnu  org.apache.ibatis.type.StringTypeHandler.getNullableResult(StringTypeHandler.java:37)
2022-12월-21 12:59:37 오후 [http-nio-8080-exec-2] DEBUG jdbc.resultset - 100. ResultSet.getString(email) returned qntyd79@naver.com  org.apache.ibatis.type.StringTypeHandler.getNullableResult(StringTypeHandler.java:37)
2022-12월-21 12:59:37 오후 [http-nio-8080-exec-2] DEBUG jdbc.resultset - 100. ResultSet.getString(homepage) returned test.co.kr  org.apache.ibatis.type.StringTypeHandler.getNullableResult(StringTypeHandler.java:37)
2022-12월-21 12:59:37 오후 [http-nio-8080-exec-2] DEBUG jdbc.resultset - 100. ResultSet.getString(link1) returned link1.co.kr  org.apache.ibatis.type.StringTypeHandler.getNullableResult(StringTypeHandler.java:37)
2022-12월-21 12:59:37 오후 [http-nio-8080-exec-2] DEBUG jdbc.resultset - 100. ResultSet.getString(link2) returned link2.co.kr  org.apache.ibatis.type.StringTypeHandler.getNullableResult(StringTypeHandler.java:37)
2022-12월-21 12:59:37 오후 [http-nio-8080-exec-2] DEBUG jdbc.resultset - 100. ResultSet.getString(title) returned 첨부파일등록 테스트입니다.  org.apache.ibatis.type.StringTypeHandler.getNullableResult(StringTypeHandler.java:37)
2022-12월-21 12:59:37 오후 [http-nio-8080-exec-2] DEBUG jdbc.resultset - 100. ResultSet.getString(content) returned 첨부파일 등록테스트입니다.<br />
첨부파일 등록테스트입니다.<br />
첨부파일 등록테스트입니다.  org.apache.ibatis.type.StringTypeHandler.getNullableResult(StringTypeHandler.java:37)
2022-12월-21 12:59:37 오후 [http-nio-8080-exec-2] DEBUG jdbc.resultset - 100. ResultSet.getInt(hit) returned 1  org.apache.ibatis.type.IntegerTypeHandler.getNullableResult(IntegerTypeHandler.java:37)
2022-12월-21 12:59:37 오후 [http-nio-8080-exec-2] DEBUG jdbc.resultset - 100. ResultSet.getString(cipp) returned 218.38.137.28  org.apache.ibatis.type.StringTypeHandler.getNullableResult(StringTypeHandler.java:37)
2022-12월-21 12:59:37 오후 [http-nio-8080-exec-2] DEBUG jdbc.resultset - 100. ResultSet.getInt(tag) returned 0  org.apache.ibatis.type.IntegerTypeHandler.getNullableResult(IntegerTypeHandler.java:37)
2022-12월-21 12:59:37 오후 [http-nio-8080-exec-2] DEBUG jdbc.resultset - 100. ResultSet.wasNull() returned false  org.apache.ibatis.type.IntegerTypeHandler.getNullableResult(IntegerTypeHandler.java:38)
2022-12월-21 12:59:37 오후 [http-nio-8080-exec-2] DEBUG jdbc.resultset - 100. ResultSet.getInt(secret) returned 0  org.apache.ibatis.type.IntegerTypeHandler.getNullableResult(IntegerTypeHandler.java:37)
2022-12월-21 12:59:37 오후 [http-nio-8080-exec-2] DEBUG jdbc.resultset - 100. ResultSet.wasNull() returned false  org.apache.ibatis.type.IntegerTypeHandler.getNullableResult(IntegerTypeHandler.java:38)
2022-12월-21 12:59:37 오후 [http-nio-8080-exec-2] DEBUG jdbc.resultset - 100. ResultSet.getInt(notice) returned 0  org.apache.ibatis.type.IntegerTypeHandler.getNullableResult(IntegerTypeHandler.java:37)
2022-12월-21 12:59:37 오후 [http-nio-8080-exec-2] DEBUG jdbc.resultset - 100. ResultSet.wasNull() returned false  org.apache.ibatis.type.IntegerTypeHandler.getNullableResult(IntegerTypeHandler.java:38)
2022-12월-21 12:59:37 오후 [http-nio-8080-exec-2] DEBUG jdbc.resultset - 100. ResultSet.getInt(vote) returned 0  org.apache.ibatis.type.IntegerTypeHandler.getNullableResult(IntegerTypeHandler.java:37)
2022-12월-21 12:59:37 오후 [http-nio-8080-exec-2] DEBUG jdbc.resultset - 100. ResultSet.wasNull() returned false  org.apache.ibatis.type.IntegerTypeHandler.getNullableResult(IntegerTypeHandler.java:38)
2022-12월-21 12:59:37 오후 [http-nio-8080-exec-2] DEBUG jdbc.resultset - 100. ResultSet.getString(sdate) returned 2022-01-03  org.apache.ibatis.type.StringTypeHandler.getNullableResult(StringTypeHandler.java:37)
2022-12월-21 12:59:37 오후 [http-nio-8080-exec-2] DEBUG jdbc.resultset - 100. ResultSet.getString(edate) returned 2022-01-04  org.apache.ibatis.type.StringTypeHandler.getNullableResult(StringTypeHandler.java:37)
2022-12월-21 12:59:37 오후 [http-nio-8080-exec-2] DEBUG jdbc.resultset - 100. ResultSet.getString(regdate) returned 2022-12-21 12:40:51  org.apache.ibatis.type.StringTypeHandler.getNullableResult(StringTypeHandler.java:37)
2022-12월-21 12:59:37 오후 [http-nio-8080-exec-2] DEBUG jdbc.resultset - 100. ResultSet.getString(del) returned N  org.apache.ibatis.type.StringTypeHandler.getNullableResult(StringTypeHandler.java:37)
2022-12월-21 12:59:37 오후 [http-nio-8080-exec-2] DEBUG jdbc.resultset - 100. ResultSet.getInt(filecnt) returned 4  org.apache.ibatis.type.IntegerTypeHandler.getNullableResult(IntegerTypeHandler.java:37)
2022-12월-21 12:59:37 오후 [http-nio-8080-exec-2] DEBUG jdbc.resultset - 100. ResultSet.getInt(commentcnt) returned 0  org.apache.ibatis.type.IntegerTypeHandler.getNullableResult(IntegerTypeHandler.java:37)
2022-12월-21 12:59:37 오후 [http-nio-8080-exec-2] DEBUG jdbc.resultset - 100. ResultSet.wasNull() returned false  org.apache.ibatis.type.IntegerTypeHandler.getNullableResult(IntegerTypeHandler.java:38)
2022-12월-21 12:59:37 오후 [http-nio-8080-exec-2] DEBUG jdbc.resultset - 100. ResultSet.getInt(category_idx) returned 1  org.apache.ibatis.type.IntegerTypeHandler.getNullableResult(IntegerTypeHandler.java:37)
2022-12월-21 12:59:37 오후 [http-nio-8080-exec-2] DEBUG jdbc.resultset - 100. ResultSet.getInt(comment_idx) returned 0  org.apache.ibatis.type.IntegerTypeHandler.getNullableResult(IntegerTypeHandler.java:37)
2022-12월-21 12:59:37 오후 [http-nio-8080-exec-2] DEBUG jdbc.resultset - 100. ResultSet.wasNull() returned false  org.apache.ibatis.type.IntegerTypeHandler.getNullableResult(IntegerTypeHandler.java:38)
2022-12월-21 12:59:37 오후 [http-nio-8080-exec-2] DEBUG jdbc.resultset - 100. ResultSet.getInt(file_idx) returned 0  org.apache.ibatis.type.IntegerTypeHandler.getNullableResult(IntegerTypeHandler.java:37)
2022-12월-21 12:59:37 오후 [http-nio-8080-exec-2] DEBUG jdbc.resultset - 100. ResultSet.wasNull() returned false  org.apache.ibatis.type.IntegerTypeHandler.getNullableResult(IntegerTypeHandler.java:38)
2022-12월-21 12:59:37 오후 [http-nio-8080-exec-2] DEBUG jdbc.resultset - 100. ResultSet.getInt(member_idx) returned 0  org.apache.ibatis.type.IntegerTypeHandler.getNullableResult(IntegerTypeHandler.java:37)
2022-12월-21 12:59:37 오후 [http-nio-8080-exec-2] DEBUG jdbc.resultset - 100. ResultSet.wasNull() returned false  org.apache.ibatis.type.IntegerTypeHandler.getNullableResult(IntegerTypeHandler.java:38)
2022-12월-21 12:59:37 오후 [http-nio-8080-exec-2] DEBUG jdbc.resultset - 100. ResultSet.isClosed() returned false  org.apache.ibatis.executor.resultset.DefaultResultSetHandler.handleRowValuesForSimpleResultMap(DefaultResultSetHandler.java:352)
2022-12월-21 12:59:37 오후 [http-nio-8080-exec-2] INFO  jdbc.resultsettable - 
|----------|-------|------|-------|-------|-----|-------------------------------------------------------------|------------------|-----------|------------|------------|---------------|-----------------------------------------------------------|----|--------------|----|-------|-------|-----|-----------|-----------|--------------------|----|--------|-----------|-------------|------------|---------|-----------|
|board_idx |parent |depth |sortno |userid |name |pass                                                         |email             |homepage   |link1       |link2       |title          |content                                                    |hit |cipp          |tag |secret |notice |vote |sdate      |edate      |regdate             |del |filecnt |commentcnt |category_idx |comment_idx |file_idx |member_idx |
|----------|-------|------|-------|-------|-----|-------------------------------------------------------------|------------------|-----------|------------|------------|---------------|-----------------------------------------------------------|----|--------------|----|-------|-------|-----|-----------|-----------|--------------------|----|--------|-----------|-------------|------------|---------|-----------|
|3         |3      |0     |0      |admin  |관리자  |$2a$10$ll72HKcv1JhjenZXMfDnQ.H/i9M5qHOAxDR0Sn4UueciMnd9itxnu |qntyd79@naver.com |test.co.kr |link1.co.kr |link2.co.kr |첨부파일등록 테스트입니다. |첨부파일 등록테스트입니다.<br />
첨부파일 등록테스트입니다.<br />
첨부파일 등록테스트입니다. |1   |218.38.137.28 |0   |0      |0      |0    |2022-01-03 |2022-01-04 |2022-12-21 12:40:51 |N   |4       |0          |1            |0           |0        |0          |
|----------|-------|------|-------|-------|-----|-------------------------------------------------------------|------------------|-----------|------------|------------|---------------|-----------------------------------------------------------|----|--------------|----|-------|-------|-----|-----------|-----------|--------------------|----|--------|-----------|-------------|------------|---------|-----------|

2022-12월-21 12:59:37 오후 [http-nio-8080-exec-2] DEBUG jdbc.resultset - 100. ResultSet.next() returned false  org.apache.ibatis.executor.resultset.DefaultResultSetHandler.handleRowValuesForSimpleResultMap(DefaultResultSetHandler.java:352)
2022-12월-21 12:59:37 오후 [http-nio-8080-exec-2] DEBUG jdbc.resultset - 100. ResultSet.close() returned void  org.apache.ibatis.executor.resultset.DefaultResultSetHandler.closeResultSet(DefaultResultSetHandler.java:276)
2022-12월-21 12:59:37 오후 [http-nio-8080-exec-2] DEBUG jdbc.resultset - 101. ResultSet.new ResultSet returned   org.apache.ibatis.executor.resultset.DefaultResultSetHandler.getFirstResultSet(DefaultResultSetHandler.java:237)
2022-12월-21 12:59:37 오후 [http-nio-8080-exec-2] DEBUG jdbc.resultset - 101. ResultSet.getMetaData() returned com.mysql.cj.jdbc.result.ResultSetMetaData@673f2678 - Field level information: 
	com.mysql.cj.result.Field@7f19766c[dbName=mydb,tableName=jhbbs_category,originalTableName=jhbbs_category,columnName=category_idx,originalColumnName=category_idx,mysqlType=3(FIELD_TYPE_INT),sqlType=4,flags= AUTO_INCREMENT PRIMARY_KEY, charsetIndex=63, charsetName=ISO-8859-1]
	com.mysql.cj.result.Field@143d6ad0[dbName=mydb,tableName=jhbbs_category,originalTableName=jhbbs_category,columnName=title,originalColumnName=title,mysqlType=253(FIELD_TYPE_VARCHAR),sqlType=12,flags=, charsetIndex=255, charsetName=UTF-8]  org.apache.ibatis.executor.resultset.ResultSetWrapper.<init>(ResultSetWrapper.java:56)
2022-12월-21 12:59:37 오후 [http-nio-8080-exec-2] DEBUG jdbc.resultset - 101. ResultSet.getType() returned 1003  org.apache.ibatis.executor.resultset.DefaultResultSetHandler.skipRows(DefaultResultSetHandler.java:378)
2022-12월-21 12:59:37 오후 [http-nio-8080-exec-2] DEBUG jdbc.resultset - 101. ResultSet.isClosed() returned false  org.apache.ibatis.executor.resultset.DefaultResultSetHandler.handleRowValuesForSimpleResultMap(DefaultResultSetHandler.java:352)
2022-12월-21 12:59:37 오후 [http-nio-8080-exec-2] DEBUG jdbc.resultset - 101. ResultSet.next() returned true  org.apache.ibatis.executor.resultset.DefaultResultSetHandler.handleRowValuesForSimpleResultMap(DefaultResultSetHandler.java:352)
2022-12월-21 12:59:37 오후 [http-nio-8080-exec-2] DEBUG jdbc.resultset - 101. ResultSet.getInt(category_idx) returned 1  org.apache.ibatis.type.IntegerTypeHandler.getNullableResult(IntegerTypeHandler.java:37)
2022-12월-21 12:59:37 오후 [http-nio-8080-exec-2] DEBUG jdbc.resultset - 101. ResultSet.getString(title) returned 일반  org.apache.ibatis.type.StringTypeHandler.getNullableResult(StringTypeHandler.java:37)
2022-12월-21 12:59:37 오후 [http-nio-8080-exec-2] DEBUG jdbc.resultset - 101. ResultSet.isClosed() returned false  org.apache.ibatis.executor.resultset.DefaultResultSetHandler.handleRowValuesForSimpleResultMap(DefaultResultSetHandler.java:352)
2022-12월-21 12:59:37 오후 [http-nio-8080-exec-2] INFO  jdbc.resultsettable - 
|-------------|------|
|category_idx |title |
|-------------|------|
|1            |일반    |
|-------------|------|

2022-12월-21 12:59:37 오후 [http-nio-8080-exec-2] DEBUG jdbc.resultset - 101. ResultSet.next() returned false  org.apache.ibatis.executor.resultset.DefaultResultSetHandler.handleRowValuesForSimpleResultMap(DefaultResultSetHandler.java:352)
2022-12월-21 12:59:37 오후 [http-nio-8080-exec-2] DEBUG jdbc.resultset - 101. ResultSet.close() returned void  org.apache.ibatis.executor.resultset.DefaultResultSetHandler.closeResultSet(DefaultResultSetHandler.java:276)
2022-12월-21 12:59:37 오후 [http-nio-8080-exec-2] DEBUG jdbc.resultset - 102. ResultSet.new ResultSet returned   org.apache.ibatis.executor.resultset.DefaultResultSetHandler.getFirstResultSet(DefaultResultSetHandler.java:237)
2022-12월-21 12:59:37 오후 [http-nio-8080-exec-2] DEBUG jdbc.resultset - 102. ResultSet.getMetaData() returned com.mysql.cj.jdbc.result.ResultSetMetaData@693def17 - Field level information: 
	com.mysql.cj.result.Field@44b458d1[dbName=mydb,tableName=jhbbs_file,originalTableName=jhbbs_file,columnName=file_idx,originalColumnName=file_idx,mysqlType=3(FIELD_TYPE_INT),sqlType=4,flags= AUTO_INCREMENT PRIMARY_KEY, charsetIndex=63, charsetName=ISO-8859-1]
	com.mysql.cj.result.Field@d174470[dbName=mydb,tableName=jhbbs_file,originalTableName=jhbbs_file,columnName=file_name,originalColumnName=file_name,mysqlType=253(FIELD_TYPE_VARCHAR),sqlType=12,flags=, charsetIndex=255, charsetName=UTF-8]
	com.mysql.cj.result.Field@493a5a67[dbName=mydb,tableName=jhbbs_file,originalTableName=jhbbs_file,columnName=file_hash_name,originalColumnName=file_hash_name,mysqlType=253(FIELD_TYPE_VARCHAR),sqlType=12,flags=, charsetIndex=255, charsetName=UTF-8]
	com.mysql.cj.result.Field@4ff94100[dbName=mydb,tableName=jhbbs_file,originalTableName=jhbbs_file,columnName=file_size,originalColumnName=file_size,mysqlType=253(FIELD_TYPE_VARCHAR),sqlType=12,flags=, charsetIndex=255, charsetName=UTF-8]
	com.mysql.cj.result.Field@29edfafe[dbName=mydb,tableName=jhbbs_file,originalTableName=jhbbs_file,columnName=file_type,originalColumnName=file_type,mysqlType=253(FIELD_TYPE_VARCHAR),sqlType=12,flags=, charsetIndex=255, charsetName=UTF-8]
	com.mysql.cj.result.Field@1eee1f77[dbName=mydb,tableName=jhbbs_file,originalTableName=jhbbs_file,columnName=file_ext,originalColumnName=file_ext,mysqlType=253(FIELD_TYPE_VARCHAR),sqlType=12,flags=, charsetIndex=255, charsetName=UTF-8]
	com.mysql.cj.result.Field@59c87af[dbName=mydb,tableName=jhbbs_file,originalTableName=jhbbs_file,columnName=download,originalColumnName=download,mysqlType=3(FIELD_TYPE_INT),sqlType=4,flags=, charsetIndex=63, charsetName=ISO-8859-1]
	com.mysql.cj.result.Field@68375d[dbName=mydb,tableName=jhbbs_file,originalTableName=jhbbs_file,columnName=regdate,originalColumnName=regdate,mysqlType=12(FIELD_TYPE_DATETIME),sqlType=93,flags= BINARY, charsetIndex=63, charsetName=ISO-8859-1]
	com.mysql.cj.result.Field@469407a4[dbName=mydb,tableName=jhbbs_file,originalTableName=jhbbs_file,columnName=del,originalColumnName=del,mysqlType=253(FIELD_TYPE_VARCHAR),sqlType=12,flags=, charsetIndex=255, charsetName=UTF-8]
	com.mysql.cj.result.Field@286fada6[dbName=mydb,tableName=jhbbs_file,originalTableName=jhbbs_file,columnName=board_idx,originalColumnName=board_idx,mysqlType=3(FIELD_TYPE_INT),sqlType=4,flags=, charsetIndex=63, charsetName=ISO-8859-1]
	com.mysql.cj.result.Field@492ff6fb[dbName=mydb,tableName=jhbbs_file,originalTableName=jhbbs_file,columnName=category_idx,originalColumnName=category_idx,mysqlType=3(FIELD_TYPE_INT),sqlType=4,flags=, charsetIndex=63, charsetName=ISO-8859-1]
	com.mysql.cj.result.Field@8bce25c[dbName=mydb,tableName=jhbbs_file,originalTableName=jhbbs_file,columnName=member_idx,originalColumnName=member_idx,mysqlType=3(FIELD_TYPE_INT),sqlType=4,flags=, charsetIndex=63, charsetName=ISO-8859-1]
	com.mysql.cj.result.Field@6e737dc8[dbName=mydb,tableName=jhbbs_file,originalTableName=jhbbs_file,columnName=email_idx,originalColumnName=email_idx,mysqlType=3(FIELD_TYPE_INT),sqlType=4,flags=, charsetIndex=63, charsetName=ISO-8859-1]  org.apache.ibatis.executor.resultset.ResultSetWrapper.<init>(ResultSetWrapper.java:56)
2022-12월-21 12:59:37 오후 [http-nio-8080-exec-2] DEBUG jdbc.resultset - 102. ResultSet.getType() returned 1003  org.apache.ibatis.executor.resultset.DefaultResultSetHandler.skipRows(DefaultResultSetHandler.java:378)
2022-12월-21 12:59:37 오후 [http-nio-8080-exec-2] DEBUG jdbc.resultset - 102. ResultSet.isClosed() returned false  org.apache.ibatis.executor.resultset.DefaultResultSetHandler.handleRowValuesForSimpleResultMap(DefaultResultSetHandler.java:352)
2022-12월-21 12:59:37 오후 [http-nio-8080-exec-2] DEBUG jdbc.resultset - 102. ResultSet.next() returned true  org.apache.ibatis.executor.resultset.DefaultResultSetHandler.handleRowValuesForSimpleResultMap(DefaultResultSetHandler.java:352)
2022-12월-21 12:59:37 오후 [http-nio-8080-exec-2] DEBUG jdbc.resultset - 102. ResultSet.getInt(file_idx) returned 4  org.apache.ibatis.type.IntegerTypeHandler.getNullableResult(IntegerTypeHandler.java:37)
2022-12월-21 12:59:37 오후 [http-nio-8080-exec-2] DEBUG jdbc.resultset - 102. ResultSet.getString(file_name) returned day1_1478933589600.pdf  org.apache.ibatis.type.StringTypeHandler.getNullableResult(StringTypeHandler.java:37)
2022-12월-21 12:59:37 오후 [http-nio-8080-exec-2] DEBUG jdbc.resultset - 102. ResultSet.getString(file_hash_name) returned /2022/12/21/32a5f82d-5685-40be-9d3c-9daf6ce3cfce_day1_1478933589600.pdf  org.apache.ibatis.type.StringTypeHandler.getNullableResult(StringTypeHandler.java:37)
2022-12월-21 12:59:37 오후 [http-nio-8080-exec-2] DEBUG jdbc.resultset - 102. ResultSet.getLong(file_size) returned 331151  org.apache.ibatis.type.LongTypeHandler.getNullableResult(LongTypeHandler.java:37)
2022-12월-21 12:59:37 오후 [http-nio-8080-exec-2] DEBUG jdbc.resultset - 102. ResultSet.getString(file_type) returned application/pdf  org.apache.ibatis.type.StringTypeHandler.getNullableResult(StringTypeHandler.java:37)
2022-12월-21 12:59:37 오후 [http-nio-8080-exec-2] DEBUG jdbc.resultset - 102. ResultSet.getString(file_ext) returned pdf  org.apache.ibatis.type.StringTypeHandler.getNullableResult(StringTypeHandler.java:37)
2022-12월-21 12:59:37 오후 [http-nio-8080-exec-2] DEBUG jdbc.resultset - 102. ResultSet.getInt(download) returned 0  org.apache.ibatis.type.IntegerTypeHandler.getNullableResult(IntegerTypeHandler.java:37)
2022-12월-21 12:59:37 오후 [http-nio-8080-exec-2] DEBUG jdbc.resultset - 102. ResultSet.wasNull() returned false  org.apache.ibatis.type.IntegerTypeHandler.getNullableResult(IntegerTypeHandler.java:38)
2022-12월-21 12:59:37 오후 [http-nio-8080-exec-2] DEBUG jdbc.resultset - 102. ResultSet.getString(regdate) returned 2022-12-21 12:43:54  org.apache.ibatis.type.StringTypeHandler.getNullableResult(StringTypeHandler.java:37)
2022-12월-21 12:59:37 오후 [http-nio-8080-exec-2] DEBUG jdbc.resultset - 102. ResultSet.getString(del) returned N  org.apache.ibatis.type.StringTypeHandler.getNullableResult(StringTypeHandler.java:37)
2022-12월-21 12:59:37 오후 [http-nio-8080-exec-2] DEBUG jdbc.resultset - 102. ResultSet.getInt(board_idx) returned 3  org.apache.ibatis.type.IntegerTypeHandler.getNullableResult(IntegerTypeHandler.java:37)
2022-12월-21 12:59:37 오후 [http-nio-8080-exec-2] DEBUG jdbc.resultset - 102. ResultSet.getInt(category_idx) returned 1  org.apache.ibatis.type.IntegerTypeHandler.getNullableResult(IntegerTypeHandler.java:37)
2022-12월-21 12:59:37 오후 [http-nio-8080-exec-2] DEBUG jdbc.resultset - 102. ResultSet.getInt(member_idx) returned 0  org.apache.ibatis.type.IntegerTypeHandler.getNullableResult(IntegerTypeHandler.java:37)
2022-12월-21 12:59:37 오후 [http-nio-8080-exec-2] DEBUG jdbc.resultset - 102. ResultSet.wasNull() returned false  org.apache.ibatis.type.IntegerTypeHandler.getNullableResult(IntegerTypeHandler.java:38)
2022-12월-21 12:59:37 오후 [http-nio-8080-exec-2] DEBUG jdbc.resultset - 102. ResultSet.getInt(email_idx) returned 0  org.apache.ibatis.type.IntegerTypeHandler.getNullableResult(IntegerTypeHandler.java:37)
2022-12월-21 12:59:37 오후 [http-nio-8080-exec-2] DEBUG jdbc.resultset - 102. ResultSet.wasNull() returned false  org.apache.ibatis.type.IntegerTypeHandler.getNullableResult(IntegerTypeHandler.java:38)
2022-12월-21 12:59:37 오후 [http-nio-8080-exec-2] DEBUG jdbc.resultset - 102. ResultSet.isClosed() returned false  org.apache.ibatis.executor.resultset.DefaultResultSetHandler.handleRowValuesForSimpleResultMap(DefaultResultSetHandler.java:352)
2022-12월-21 12:59:37 오후 [http-nio-8080-exec-2] DEBUG jdbc.resultset - 102. ResultSet.next() returned true  org.apache.ibatis.executor.resultset.DefaultResultSetHandler.handleRowValuesForSimpleResultMap(DefaultResultSetHandler.java:352)
2022-12월-21 12:59:37 오후 [http-nio-8080-exec-2] DEBUG jdbc.resultset - 102. ResultSet.getInt(file_idx) returned 1  org.apache.ibatis.type.IntegerTypeHandler.getNullableResult(IntegerTypeHandler.java:37)
2022-12월-21 12:59:37 오후 [http-nio-8080-exec-2] DEBUG jdbc.resultset - 102. ResultSet.getString(file_name) returned day2_1478933583373.pdf  org.apache.ibatis.type.StringTypeHandler.getNullableResult(StringTypeHandler.java:37)
2022-12월-21 12:59:37 오후 [http-nio-8080-exec-2] DEBUG jdbc.resultset - 102. ResultSet.getString(file_hash_name) returned /2022/12/21/0eeef268-2d73-438d-9f81-7fe434b00a40_day2_1478933583373.pdf  org.apache.ibatis.type.StringTypeHandler.getNullableResult(StringTypeHandler.java:37)
2022-12월-21 12:59:37 오후 [http-nio-8080-exec-2] DEBUG jdbc.resultset - 102. ResultSet.getLong(file_size) returned 368571  org.apache.ibatis.type.LongTypeHandler.getNullableResult(LongTypeHandler.java:37)
2022-12월-21 12:59:37 오후 [http-nio-8080-exec-2] DEBUG jdbc.resultset - 102. ResultSet.getString(file_type) returned application/pdf  org.apache.ibatis.type.StringTypeHandler.getNullableResult(StringTypeHandler.java:37)
2022-12월-21 12:59:37 오후 [http-nio-8080-exec-2] DEBUG jdbc.resultset - 102. ResultSet.getString(file_ext) returned pdf  org.apache.ibatis.type.StringTypeHandler.getNullableResult(StringTypeHandler.java:37)
2022-12월-21 12:59:37 오후 [http-nio-8080-exec-2] DEBUG jdbc.resultset - 102. ResultSet.getInt(download) returned 0  org.apache.ibatis.type.IntegerTypeHandler.getNullableResult(IntegerTypeHandler.java:37)
2022-12월-21 12:59:37 오후 [http-nio-8080-exec-2] DEBUG jdbc.resultset - 102. ResultSet.wasNull() returned false  org.apache.ibatis.type.IntegerTypeHandler.getNullableResult(IntegerTypeHandler.java:38)
2022-12월-21 12:59:37 오후 [http-nio-8080-exec-2] DEBUG jdbc.resultset - 102. ResultSet.getString(regdate) returned 2022-12-21 12:40:51  org.apache.ibatis.type.StringTypeHandler.getNullableResult(StringTypeHandler.java:37)
2022-12월-21 12:59:37 오후 [http-nio-8080-exec-2] DEBUG jdbc.resultset - 102. ResultSet.getString(del) returned N  org.apache.ibatis.type.StringTypeHandler.getNullableResult(StringTypeHandler.java:37)
2022-12월-21 12:59:37 오후 [http-nio-8080-exec-2] DEBUG jdbc.resultset - 102. ResultSet.getInt(board_idx) returned 3  org.apache.ibatis.type.IntegerTypeHandler.getNullableResult(IntegerTypeHandler.java:37)
2022-12월-21 12:59:37 오후 [http-nio-8080-exec-2] DEBUG jdbc.resultset - 102. ResultSet.getInt(category_idx) returned 1  org.apache.ibatis.type.IntegerTypeHandler.getNullableResult(IntegerTypeHandler.java:37)
2022-12월-21 12:59:37 오후 [http-nio-8080-exec-2] DEBUG jdbc.resultset - 102. ResultSet.getInt(member_idx) returned 0  org.apache.ibatis.type.IntegerTypeHandler.getNullableResult(IntegerTypeHandler.java:37)
2022-12월-21 12:59:37 오후 [http-nio-8080-exec-2] DEBUG jdbc.resultset - 102. ResultSet.wasNull() returned false  org.apache.ibatis.type.IntegerTypeHandler.getNullableResult(IntegerTypeHandler.java:38)
2022-12월-21 12:59:37 오후 [http-nio-8080-exec-2] DEBUG jdbc.resultset - 102. ResultSet.getInt(email_idx) returned 0  org.apache.ibatis.type.IntegerTypeHandler.getNullableResult(IntegerTypeHandler.java:37)
2022-12월-21 12:59:37 오후 [http-nio-8080-exec-2] DEBUG jdbc.resultset - 102. ResultSet.wasNull() returned false  org.apache.ibatis.type.IntegerTypeHandler.getNullableResult(IntegerTypeHandler.java:38)
2022-12월-21 12:59:37 오후 [http-nio-8080-exec-2] DEBUG jdbc.resultset - 102. ResultSet.isClosed() returned false  org.apache.ibatis.executor.resultset.DefaultResultSetHandler.handleRowValuesForSimpleResultMap(DefaultResultSetHandler.java:352)
2022-12월-21 12:59:37 오후 [http-nio-8080-exec-2] DEBUG jdbc.resultset - 102. ResultSet.next() returned true  org.apache.ibatis.executor.resultset.DefaultResultSetHandler.handleRowValuesForSimpleResultMap(DefaultResultSetHandler.java:352)
2022-12월-21 12:59:37 오후 [http-nio-8080-exec-2] DEBUG jdbc.resultset - 102. ResultSet.getInt(file_idx) returned 2  org.apache.ibatis.type.IntegerTypeHandler.getNullableResult(IntegerTypeHandler.java:37)
2022-12월-21 12:59:37 오후 [http-nio-8080-exec-2] DEBUG jdbc.resultset - 102. ResultSet.getString(file_name) returned day3_1478933597066.pdf  org.apache.ibatis.type.StringTypeHandler.getNullableResult(StringTypeHandler.java:37)
2022-12월-21 12:59:37 오후 [http-nio-8080-exec-2] DEBUG jdbc.resultset - 102. ResultSet.getString(file_hash_name) returned /2022/12/21/8ba5bd6f-6c16-4e59-9f46-269dcc3a910f_day3_1478933597066.pdf  org.apache.ibatis.type.StringTypeHandler.getNullableResult(StringTypeHandler.java:37)
2022-12월-21 12:59:37 오후 [http-nio-8080-exec-2] DEBUG jdbc.resultset - 102. ResultSet.getLong(file_size) returned 305682  org.apache.ibatis.type.LongTypeHandler.getNullableResult(LongTypeHandler.java:37)
2022-12월-21 12:59:37 오후 [http-nio-8080-exec-2] DEBUG jdbc.resultset - 102. ResultSet.getString(file_type) returned application/pdf  org.apache.ibatis.type.StringTypeHandler.getNullableResult(StringTypeHandler.java:37)
2022-12월-21 12:59:37 오후 [http-nio-8080-exec-2] DEBUG jdbc.resultset - 102. ResultSet.getString(file_ext) returned pdf  org.apache.ibatis.type.StringTypeHandler.getNullableResult(StringTypeHandler.java:37)
2022-12월-21 12:59:37 오후 [http-nio-8080-exec-2] DEBUG jdbc.resultset - 102. ResultSet.getInt(download) returned 0  org.apache.ibatis.type.IntegerTypeHandler.getNullableResult(IntegerTypeHandler.java:37)
2022-12월-21 12:59:37 오후 [http-nio-8080-exec-2] DEBUG jdbc.resultset - 102. ResultSet.wasNull() returned false  org.apache.ibatis.type.IntegerTypeHandler.getNullableResult(IntegerTypeHandler.java:38)
2022-12월-21 12:59:37 오후 [http-nio-8080-exec-2] DEBUG jdbc.resultset - 102. ResultSet.getString(regdate) returned 2022-12-21 12:40:51  org.apache.ibatis.type.StringTypeHandler.getNullableResult(StringTypeHandler.java:37)
2022-12월-21 12:59:37 오후 [http-nio-8080-exec-2] DEBUG jdbc.resultset - 102. ResultSet.getString(del) returned N  org.apache.ibatis.type.StringTypeHandler.getNullableResult(StringTypeHandler.java:37)
2022-12월-21 12:59:37 오후 [http-nio-8080-exec-2] DEBUG jdbc.resultset - 102. ResultSet.getInt(board_idx) returned 3  org.apache.ibatis.type.IntegerTypeHandler.getNullableResult(IntegerTypeHandler.java:37)
2022-12월-21 12:59:37 오후 [http-nio-8080-exec-2] DEBUG jdbc.resultset - 102. ResultSet.getInt(category_idx) returned 1  org.apache.ibatis.type.IntegerTypeHandler.getNullableResult(IntegerTypeHandler.java:37)
2022-12월-21 12:59:37 오후 [http-nio-8080-exec-2] DEBUG jdbc.resultset - 102. ResultSet.getInt(member_idx) returned 0  org.apache.ibatis.type.IntegerTypeHandler.getNullableResult(IntegerTypeHandler.java:37)
2022-12월-21 12:59:37 오후 [http-nio-8080-exec-2] DEBUG jdbc.resultset - 102. ResultSet.wasNull() returned false  org.apache.ibatis.type.IntegerTypeHandler.getNullableResult(IntegerTypeHandler.java:38)
2022-12월-21 12:59:37 오후 [http-nio-8080-exec-2] DEBUG jdbc.resultset - 102. ResultSet.getInt(email_idx) returned 0  org.apache.ibatis.type.IntegerTypeHandler.getNullableResult(IntegerTypeHandler.java:37)
2022-12월-21 12:59:37 오후 [http-nio-8080-exec-2] DEBUG jdbc.resultset - 102. ResultSet.wasNull() returned false  org.apache.ibatis.type.IntegerTypeHandler.getNullableResult(IntegerTypeHandler.java:38)
2022-12월-21 12:59:37 오후 [http-nio-8080-exec-2] DEBUG jdbc.resultset - 102. ResultSet.isClosed() returned false  org.apache.ibatis.executor.resultset.DefaultResultSetHandler.handleRowValuesForSimpleResultMap(DefaultResultSetHandler.java:352)
2022-12월-21 12:59:37 오후 [http-nio-8080-exec-2] DEBUG jdbc.resultset - 102. ResultSet.next() returned true  org.apache.ibatis.executor.resultset.DefaultResultSetHandler.handleRowValuesForSimpleResultMap(DefaultResultSetHandler.java:352)
2022-12월-21 12:59:37 오후 [http-nio-8080-exec-2] DEBUG jdbc.resultset - 102. ResultSet.getInt(file_idx) returned 3  org.apache.ibatis.type.IntegerTypeHandler.getNullableResult(IntegerTypeHandler.java:37)
2022-12월-21 12:59:37 오후 [http-nio-8080-exec-2] DEBUG jdbc.resultset - 102. ResultSet.getString(file_name) returned day4_1478933604875.pdf  org.apache.ibatis.type.StringTypeHandler.getNullableResult(StringTypeHandler.java:37)
2022-12월-21 12:59:37 오후 [http-nio-8080-exec-2] DEBUG jdbc.resultset - 102. ResultSet.getString(file_hash_name) returned /2022/12/21/bfdd8521-9d24-493a-b87d-9e342d8f3e06_day4_1478933604875.pdf  org.apache.ibatis.type.StringTypeHandler.getNullableResult(StringTypeHandler.java:37)
2022-12월-21 12:59:37 오후 [http-nio-8080-exec-2] DEBUG jdbc.resultset - 102. ResultSet.getLong(file_size) returned 392484  org.apache.ibatis.type.LongTypeHandler.getNullableResult(LongTypeHandler.java:37)
2022-12월-21 12:59:37 오후 [http-nio-8080-exec-2] DEBUG jdbc.resultset - 102. ResultSet.getString(file_type) returned application/pdf  org.apache.ibatis.type.StringTypeHandler.getNullableResult(StringTypeHandler.java:37)
2022-12월-21 12:59:37 오후 [http-nio-8080-exec-2] DEBUG jdbc.resultset - 102. ResultSet.getString(file_ext) returned pdf  org.apache.ibatis.type.StringTypeHandler.getNullableResult(StringTypeHandler.java:37)
2022-12월-21 12:59:37 오후 [http-nio-8080-exec-2] DEBUG jdbc.resultset - 102. ResultSet.getInt(download) returned 0  org.apache.ibatis.type.IntegerTypeHandler.getNullableResult(IntegerTypeHandler.java:37)
2022-12월-21 12:59:37 오후 [http-nio-8080-exec-2] DEBUG jdbc.resultset - 102. ResultSet.wasNull() returned false  org.apache.ibatis.type.IntegerTypeHandler.getNullableResult(IntegerTypeHandler.java:38)
2022-12월-21 12:59:37 오후 [http-nio-8080-exec-2] DEBUG jdbc.resultset - 102. ResultSet.getString(regdate) returned 2022-12-21 12:40:51  org.apache.ibatis.type.StringTypeHandler.getNullableResult(StringTypeHandler.java:37)
2022-12월-21 12:59:37 오후 [http-nio-8080-exec-2] DEBUG jdbc.resultset - 102. ResultSet.getString(del) returned N  org.apache.ibatis.type.StringTypeHandler.getNullableResult(StringTypeHandler.java:37)
2022-12월-21 12:59:37 오후 [http-nio-8080-exec-2] DEBUG jdbc.resultset - 102. ResultSet.getInt(board_idx) returned 3  org.apache.ibatis.type.IntegerTypeHandler.getNullableResult(IntegerTypeHandler.java:37)
2022-12월-21 12:59:37 오후 [http-nio-8080-exec-2] DEBUG jdbc.resultset - 102. ResultSet.getInt(category_idx) returned 1  org.apache.ibatis.type.IntegerTypeHandler.getNullableResult(IntegerTypeHandler.java:37)
2022-12월-21 12:59:37 오후 [http-nio-8080-exec-2] DEBUG jdbc.resultset - 102. ResultSet.getInt(member_idx) returned 0  org.apache.ibatis.type.IntegerTypeHandler.getNullableResult(IntegerTypeHandler.java:37)
2022-12월-21 12:59:37 오후 [http-nio-8080-exec-2] DEBUG jdbc.resultset - 102. ResultSet.wasNull() returned false  org.apache.ibatis.type.IntegerTypeHandler.getNullableResult(IntegerTypeHandler.java:38)
2022-12월-21 12:59:37 오후 [http-nio-8080-exec-2] DEBUG jdbc.resultset - 102. ResultSet.getInt(email_idx) returned 0  org.apache.ibatis.type.IntegerTypeHandler.getNullableResult(IntegerTypeHandler.java:37)
2022-12월-21 12:59:37 오후 [http-nio-8080-exec-2] DEBUG jdbc.resultset - 102. ResultSet.wasNull() returned false  org.apache.ibatis.type.IntegerTypeHandler.getNullableResult(IntegerTypeHandler.java:38)
2022-12월-21 12:59:37 오후 [http-nio-8080-exec-2] DEBUG jdbc.resultset - 102. ResultSet.isClosed() returned false  org.apache.ibatis.executor.resultset.DefaultResultSetHandler.handleRowValuesForSimpleResultMap(DefaultResultSetHandler.java:352)
2022-12월-21 12:59:37 오후 [http-nio-8080-exec-2] INFO  jdbc.resultsettable - 
|---------|-----------------------|------------------------------------------------------------------------|----------|----------------|---------|---------|--------------------|----|----------|-------------|-----------|----------|
|file_idx |file_name              |file_hash_name                                                          |file_size |file_type       |file_ext |download |regdate             |del |board_idx |category_idx |member_idx |email_idx |
|---------|-----------------------|------------------------------------------------------------------------|----------|----------------|---------|---------|--------------------|----|----------|-------------|-----------|----------|
|4        |day1_1478933589600.pdf |/2022/12/21/32a5f82d-5685-40be-9d3c-9daf6ce3cfce_day1_1478933589600.pdf |331151    |application/pdf |pdf      |0        |2022-12-21 12:43:54 |N   |3         |1            |0          |0         |
|1        |day2_1478933583373.pdf |/2022/12/21/0eeef268-2d73-438d-9f81-7fe434b00a40_day2_1478933583373.pdf |368571    |application/pdf |pdf      |0        |2022-12-21 12:40:51 |N   |3         |1            |0          |0         |
|2        |day3_1478933597066.pdf |/2022/12/21/8ba5bd6f-6c16-4e59-9f46-269dcc3a910f_day3_1478933597066.pdf |305682    |application/pdf |pdf      |0        |2022-12-21 12:40:51 |N   |3         |1            |0          |0         |
|3        |day4_1478933604875.pdf |/2022/12/21/bfdd8521-9d24-493a-b87d-9e342d8f3e06_day4_1478933604875.pdf |392484    |application/pdf |pdf      |0        |2022-12-21 12:40:51 |N   |3         |1            |0          |0         |
|---------|-----------------------|------------------------------------------------------------------------|----------|----------------|---------|---------|--------------------|----|----------|-------------|-----------|----------|

2022-12월-21 12:59:37 오후 [http-nio-8080-exec-2] DEBUG jdbc.resultset - 102. ResultSet.next() returned false  org.apache.ibatis.executor.resultset.DefaultResultSetHandler.handleRowValuesForSimpleResultMap(DefaultResultSetHandler.java:352)
2022-12월-21 12:59:37 오후 [http-nio-8080-exec-2] DEBUG jdbc.resultset - 102. ResultSet.close() returned void  org.apache.ibatis.executor.resultset.DefaultResultSetHandler.closeResultSet(DefaultResultSetHandler.java:276)
2022-12월-21 12:59:40 오후 [http-nio-8080-exec-8] DEBUG jdbc.resultset - 103. ResultSet.new ResultSet returned   org.apache.ibatis.executor.resultset.DefaultResultSetHandler.getFirstResultSet(DefaultResultSetHandler.java:237)
2022-12월-21 12:59:40 오후 [http-nio-8080-exec-8] DEBUG jdbc.resultset - 103. ResultSet.getMetaData() returned com.mysql.cj.jdbc.result.ResultSetMetaData@669a5cc2 - Field level information: 
	com.mysql.cj.result.Field@6a369e9d[dbName=mydb,tableName=jhbbs_board,originalTableName=jhbbs_board,columnName=board_idx,originalColumnName=board_idx,mysqlType=3(FIELD_TYPE_INT),sqlType=4,flags= AUTO_INCREMENT PRIMARY_KEY, charsetIndex=63, charsetName=ISO-8859-1]
	com.mysql.cj.result.Field@24551d41[dbName=mydb,tableName=jhbbs_board,originalTableName=jhbbs_board,columnName=parent,originalColumnName=parent,mysqlType=3(FIELD_TYPE_INT),sqlType=4,flags=, charsetIndex=63, charsetName=ISO-8859-1]
	com.mysql.cj.result.Field@62fa4a5c[dbName=mydb,tableName=jhbbs_board,originalTableName=jhbbs_board,columnName=depth,originalColumnName=depth,mysqlType=3(FIELD_TYPE_INT),sqlType=4,flags=, charsetIndex=63, charsetName=ISO-8859-1]
	com.mysql.cj.result.Field@5632768d[dbName=mydb,tableName=jhbbs_board,originalTableName=jhbbs_board,columnName=sortno,originalColumnName=sortno,mysqlType=3(FIELD_TYPE_INT),sqlType=4,flags=, charsetIndex=63, charsetName=ISO-8859-1]
	com.mysql.cj.result.Field@8aed8a0[dbName=mydb,tableName=jhbbs_board,originalTableName=jhbbs_board,columnName=userid,originalColumnName=userid,mysqlType=253(FIELD_TYPE_VARCHAR),sqlType=12,flags=, charsetIndex=255, charsetName=UTF-8]
	com.mysql.cj.result.Field@41d63e1[dbName=mydb,tableName=jhbbs_board,originalTableName=jhbbs_board,columnName=name,originalColumnName=name,mysqlType=253(FIELD_TYPE_VARCHAR),sqlType=12,flags=, charsetIndex=255, charsetName=UTF-8]
	com.mysql.cj.result.Field@34057194[dbName=mydb,tableName=jhbbs_board,originalTableName=jhbbs_board,columnName=pass,originalColumnName=pass,mysqlType=253(FIELD_TYPE_VARCHAR),sqlType=12,flags=, charsetIndex=255, charsetName=UTF-8]
	com.mysql.cj.result.Field@71c6ef87[dbName=mydb,tableName=jhbbs_board,originalTableName=jhbbs_board,columnName=email,originalColumnName=email,mysqlType=253(FIELD_TYPE_VARCHAR),sqlType=12,flags=, charsetIndex=255, charsetName=UTF-8]
	com.mysql.cj.result.Field@f5352c7[dbName=mydb,tableName=jhbbs_board,originalTableName=jhbbs_board,columnName=homepage,originalColumnName=homepage,mysqlType=253(FIELD_TYPE_VARCHAR),sqlType=12,flags=, charsetIndex=255, charsetName=UTF-8]
	com.mysql.cj.result.Field@603e2aa7[dbName=mydb,tableName=jhbbs_board,originalTableName=jhbbs_board,columnName=link1,originalColumnName=link1,mysqlType=253(FIELD_TYPE_VARCHAR),sqlType=12,flags=, charsetIndex=255, charsetName=UTF-8]
	com.mysql.cj.result.Field@7fa86ee5[dbName=mydb,tableName=jhbbs_board,originalTableName=jhbbs_board,columnName=link2,originalColumnName=link2,mysqlType=253(FIELD_TYPE_VARCHAR),sqlType=12,flags=, charsetIndex=255, charsetName=UTF-8]
	com.mysql.cj.result.Field@39541c40[dbName=mydb,tableName=jhbbs_board,originalTableName=jhbbs_board,columnName=title,originalColumnName=title,mysqlType=253(FIELD_TYPE_VARCHAR),sqlType=12,flags=, charsetIndex=255, charsetName=UTF-8]
	com.mysql.cj.result.Field@2c84a4c7[dbName=mydb,tableName=jhbbs_board,originalTableName=jhbbs_board,columnName=content,originalColumnName=content,mysqlType=252(FIELD_TYPE_LONGTEXT),sqlType=-1,flags= BLOB, charsetIndex=255, charsetName=UTF-8]
	com.mysql.cj.result.Field@3dfec8e2[dbName=mydb,tableName=jhbbs_board,originalTableName=jhbbs_board,columnName=hit,originalColumnName=hit,mysqlType=3(FIELD_TYPE_INT),sqlType=4,flags=, charsetIndex=63, charsetName=ISO-8859-1]
	com.mysql.cj.result.Field@19d46fe[dbName=mydb,tableName=jhbbs_board,originalTableName=jhbbs_board,columnName=cipp,originalColumnName=cipp,mysqlType=253(FIELD_TYPE_VARCHAR),sqlType=12,flags=, charsetIndex=255, charsetName=UTF-8]
	com.mysql.cj.result.Field@1832ec91[dbName=mydb,tableName=jhbbs_board,originalTableName=jhbbs_board,columnName=tag,originalColumnName=tag,mysqlType=3(FIELD_TYPE_INT),sqlType=4,flags=, charsetIndex=63, charsetName=ISO-8859-1]
	com.mysql.cj.result.Field@1119d1cc[dbName=mydb,tableName=jhbbs_board,originalTableName=jhbbs_board,columnName=secret,originalColumnName=secret,mysqlType=3(FIELD_TYPE_INT),sqlType=4,flags=, charsetIndex=63, charsetName=ISO-8859-1]
	com.mysql.cj.result.Field@5aeba2d5[dbName=mydb,tableName=jhbbs_board,originalTableName=jhbbs_board,columnName=notice,originalColumnName=notice,mysqlType=3(FIELD_TYPE_INT),sqlType=4,flags=, charsetIndex=63, charsetName=ISO-8859-1]
	com.mysql.cj.result.Field@31aaa5c0[dbName=mydb,tableName=jhbbs_board,originalTableName=jhbbs_board,columnName=vote,originalColumnName=vote,mysqlType=3(FIELD_TYPE_INT),sqlType=4,flags=, charsetIndex=63, charsetName=ISO-8859-1]
	com.mysql.cj.result.Field@3e739100[dbName=mydb,tableName=jhbbs_board,originalTableName=jhbbs_board,columnName=sdate,originalColumnName=sdate,mysqlType=253(FIELD_TYPE_VARCHAR),sqlType=12,flags=, charsetIndex=255, charsetName=UTF-8]
	com.mysql.cj.result.Field@61bba0b3[dbName=mydb,tableName=jhbbs_board,originalTableName=jhbbs_board,columnName=edate,originalColumnName=edate,mysqlType=253(FIELD_TYPE_VARCHAR),sqlType=12,flags=, charsetIndex=255, charsetName=UTF-8]
	com.mysql.cj.result.Field@66c14b5b[dbName=mydb,tableName=jhbbs_board,originalTableName=jhbbs_board,columnName=regdate,originalColumnName=regdate,mysqlType=12(FIELD_TYPE_DATETIME),sqlType=93,flags= BINARY, charsetIndex=63, charsetName=ISO-8859-1]
	com.mysql.cj.result.Field@22166e6[dbName=mydb,tableName=jhbbs_board,originalTableName=jhbbs_board,columnName=del,originalColumnName=del,mysqlType=253(FIELD_TYPE_VARCHAR),sqlType=12,flags=, charsetIndex=255, charsetName=UTF-8]
	com.mysql.cj.result.Field@20f80c33[dbName=mydb,tableName=jhbbs_board,originalTableName=jhbbs_board,columnName=filecnt,originalColumnName=filecnt,mysqlType=3(FIELD_TYPE_INT),sqlType=4,flags=, charsetIndex=63, charsetName=ISO-8859-1]
	com.mysql.cj.result.Field@1c7a8ea7[dbName=mydb,tableName=jhbbs_board,originalTableName=jhbbs_board,columnName=commentcnt,originalColumnName=commentcnt,mysqlType=3(FIELD_TYPE_INT),sqlType=4,flags=, charsetIndex=63, charsetName=ISO-8859-1]
	com.mysql.cj.result.Field@708d85e0[dbName=mydb,tableName=jhbbs_board,originalTableName=jhbbs_board,columnName=category_idx,originalColumnName=category_idx,mysqlType=3(FIELD_TYPE_INT),sqlType=4,flags=, charsetIndex=63, charsetName=ISO-8859-1]
	com.mysql.cj.result.Field@7992cb41[dbName=mydb,tableName=jhbbs_board,originalTableName=jhbbs_board,columnName=comment_idx,originalColumnName=comment_idx,mysqlType=3(FIELD_TYPE_INT),sqlType=4,flags=, charsetIndex=63, charsetName=ISO-8859-1]
	com.mysql.cj.result.Field@19ebc9d4[dbName=mydb,tableName=jhbbs_board,originalTableName=jhbbs_board,columnName=file_idx,originalColumnName=file_idx,mysqlType=3(FIELD_TYPE_INT),sqlType=4,flags=, charsetIndex=63, charsetName=ISO-8859-1]
	com.mysql.cj.result.Field@512c63f8[dbName=mydb,tableName=jhbbs_board,originalTableName=jhbbs_board,columnName=member_idx,originalColumnName=member_idx,mysqlType=3(FIELD_TYPE_INT),sqlType=4,flags=, charsetIndex=63, charsetName=ISO-8859-1]  org.apache.ibatis.executor.resultset.ResultSetWrapper.<init>(ResultSetWrapper.java:56)
2022-12월-21 12:59:40 오후 [http-nio-8080-exec-8] DEBUG jdbc.resultset - 103. ResultSet.getType() returned 1003  org.apache.ibatis.executor.resultset.DefaultResultSetHandler.skipRows(DefaultResultSetHandler.java:378)
2022-12월-21 12:59:40 오후 [http-nio-8080-exec-8] DEBUG jdbc.resultset - 103. ResultSet.isClosed() returned false  org.apache.ibatis.executor.resultset.DefaultResultSetHandler.handleRowValuesForSimpleResultMap(DefaultResultSetHandler.java:352)
2022-12월-21 12:59:40 오후 [http-nio-8080-exec-8] DEBUG jdbc.resultset - 103. ResultSet.next() returned true  org.apache.ibatis.executor.resultset.DefaultResultSetHandler.handleRowValuesForSimpleResultMap(DefaultResultSetHandler.java:352)
2022-12월-21 12:59:40 오후 [http-nio-8080-exec-8] DEBUG jdbc.resultset - 103. ResultSet.getInt(board_idx) returned 3  org.apache.ibatis.type.IntegerTypeHandler.getNullableResult(IntegerTypeHandler.java:37)
2022-12월-21 12:59:40 오후 [http-nio-8080-exec-8] DEBUG jdbc.resultset - 103. ResultSet.getInt(parent) returned 3  org.apache.ibatis.type.IntegerTypeHandler.getNullableResult(IntegerTypeHandler.java:37)
2022-12월-21 12:59:40 오후 [http-nio-8080-exec-8] DEBUG jdbc.resultset - 103. ResultSet.getInt(depth) returned 0  org.apache.ibatis.type.IntegerTypeHandler.getNullableResult(IntegerTypeHandler.java:37)
2022-12월-21 12:59:40 오후 [http-nio-8080-exec-8] DEBUG jdbc.resultset - 103. ResultSet.wasNull() returned false  org.apache.ibatis.type.IntegerTypeHandler.getNullableResult(IntegerTypeHandler.java:38)
2022-12월-21 12:59:40 오후 [http-nio-8080-exec-8] DEBUG jdbc.resultset - 103. ResultSet.getInt(sortno) returned 0  org.apache.ibatis.type.IntegerTypeHandler.getNullableResult(IntegerTypeHandler.java:37)
2022-12월-21 12:59:40 오후 [http-nio-8080-exec-8] DEBUG jdbc.resultset - 103. ResultSet.wasNull() returned false  org.apache.ibatis.type.IntegerTypeHandler.getNullableResult(IntegerTypeHandler.java:38)
2022-12월-21 12:59:40 오후 [http-nio-8080-exec-8] DEBUG jdbc.resultset - 103. ResultSet.getString(userid) returned admin  org.apache.ibatis.type.StringTypeHandler.getNullableResult(StringTypeHandler.java:37)
2022-12월-21 12:59:40 오후 [http-nio-8080-exec-8] DEBUG jdbc.resultset - 103. ResultSet.getString(name) returned 관리자  org.apache.ibatis.type.StringTypeHandler.getNullableResult(StringTypeHandler.java:37)
2022-12월-21 12:59:40 오후 [http-nio-8080-exec-8] DEBUG jdbc.resultset - 103. ResultSet.getString(pass) returned $2a$10$ll72HKcv1JhjenZXMfDnQ.H/i9M5qHOAxDR0Sn4UueciMnd9itxnu  org.apache.ibatis.type.StringTypeHandler.getNullableResult(StringTypeHandler.java:37)
2022-12월-21 12:59:40 오후 [http-nio-8080-exec-8] DEBUG jdbc.resultset - 103. ResultSet.getString(email) returned qntyd79@naver.com  org.apache.ibatis.type.StringTypeHandler.getNullableResult(StringTypeHandler.java:37)
2022-12월-21 12:59:40 오후 [http-nio-8080-exec-8] DEBUG jdbc.resultset - 103. ResultSet.getString(homepage) returned test.co.kr  org.apache.ibatis.type.StringTypeHandler.getNullableResult(StringTypeHandler.java:37)
2022-12월-21 12:59:40 오후 [http-nio-8080-exec-8] DEBUG jdbc.resultset - 103. ResultSet.getString(link1) returned link1.co.kr  org.apache.ibatis.type.StringTypeHandler.getNullableResult(StringTypeHandler.java:37)
2022-12월-21 12:59:40 오후 [http-nio-8080-exec-8] DEBUG jdbc.resultset - 103. ResultSet.getString(link2) returned link2.co.kr  org.apache.ibatis.type.StringTypeHandler.getNullableResult(StringTypeHandler.java:37)
2022-12월-21 12:59:40 오후 [http-nio-8080-exec-8] DEBUG jdbc.resultset - 103. ResultSet.getString(title) returned 첨부파일등록 테스트입니다.  org.apache.ibatis.type.StringTypeHandler.getNullableResult(StringTypeHandler.java:37)
2022-12월-21 12:59:40 오후 [http-nio-8080-exec-8] DEBUG jdbc.resultset - 103. ResultSet.getString(content) returned 첨부파일 등록테스트입니다.<br />
첨부파일 등록테스트입니다.<br />
첨부파일 등록테스트입니다.  org.apache.ibatis.type.StringTypeHandler.getNullableResult(StringTypeHandler.java:37)
2022-12월-21 12:59:40 오후 [http-nio-8080-exec-8] DEBUG jdbc.resultset - 103. ResultSet.getInt(hit) returned 1  org.apache.ibatis.type.IntegerTypeHandler.getNullableResult(IntegerTypeHandler.java:37)
2022-12월-21 12:59:40 오후 [http-nio-8080-exec-8] DEBUG jdbc.resultset - 103. ResultSet.getString(cipp) returned 218.38.137.28  org.apache.ibatis.type.StringTypeHandler.getNullableResult(StringTypeHandler.java:37)
2022-12월-21 12:59:40 오후 [http-nio-8080-exec-8] DEBUG jdbc.resultset - 103. ResultSet.getInt(tag) returned 0  org.apache.ibatis.type.IntegerTypeHandler.getNullableResult(IntegerTypeHandler.java:37)
2022-12월-21 12:59:40 오후 [http-nio-8080-exec-8] DEBUG jdbc.resultset - 103. ResultSet.wasNull() returned false  org.apache.ibatis.type.IntegerTypeHandler.getNullableResult(IntegerTypeHandler.java:38)
2022-12월-21 12:59:40 오후 [http-nio-8080-exec-8] DEBUG jdbc.resultset - 103. ResultSet.getInt(secret) returned 0  org.apache.ibatis.type.IntegerTypeHandler.getNullableResult(IntegerTypeHandler.java:37)
2022-12월-21 12:59:40 오후 [http-nio-8080-exec-8] DEBUG jdbc.resultset - 103. ResultSet.wasNull() returned false  org.apache.ibatis.type.IntegerTypeHandler.getNullableResult(IntegerTypeHandler.java:38)
2022-12월-21 12:59:40 오후 [http-nio-8080-exec-8] DEBUG jdbc.resultset - 103. ResultSet.getInt(notice) returned 0  org.apache.ibatis.type.IntegerTypeHandler.getNullableResult(IntegerTypeHandler.java:37)
2022-12월-21 12:59:40 오후 [http-nio-8080-exec-8] DEBUG jdbc.resultset - 103. ResultSet.wasNull() returned false  org.apache.ibatis.type.IntegerTypeHandler.getNullableResult(IntegerTypeHandler.java:38)
2022-12월-21 12:59:40 오후 [http-nio-8080-exec-8] DEBUG jdbc.resultset - 103. ResultSet.getInt(vote) returned 0  org.apache.ibatis.type.IntegerTypeHandler.getNullableResult(IntegerTypeHandler.java:37)
2022-12월-21 12:59:40 오후 [http-nio-8080-exec-8] DEBUG jdbc.resultset - 103. ResultSet.wasNull() returned false  org.apache.ibatis.type.IntegerTypeHandler.getNullableResult(IntegerTypeHandler.java:38)
2022-12월-21 12:59:40 오후 [http-nio-8080-exec-8] DEBUG jdbc.resultset - 103. ResultSet.getString(sdate) returned 2022-01-03  org.apache.ibatis.type.StringTypeHandler.getNullableResult(StringTypeHandler.java:37)
2022-12월-21 12:59:40 오후 [http-nio-8080-exec-8] DEBUG jdbc.resultset - 103. ResultSet.getString(edate) returned 2022-01-04  org.apache.ibatis.type.StringTypeHandler.getNullableResult(StringTypeHandler.java:37)
2022-12월-21 12:59:40 오후 [http-nio-8080-exec-8] DEBUG jdbc.resultset - 103. ResultSet.getString(regdate) returned 2022-12-21 12:40:51  org.apache.ibatis.type.StringTypeHandler.getNullableResult(StringTypeHandler.java:37)
2022-12월-21 12:59:40 오후 [http-nio-8080-exec-8] DEBUG jdbc.resultset - 103. ResultSet.getString(del) returned N  org.apache.ibatis.type.StringTypeHandler.getNullableResult(StringTypeHandler.java:37)
2022-12월-21 12:59:40 오후 [http-nio-8080-exec-8] DEBUG jdbc.resultset - 103. ResultSet.getInt(filecnt) returned 4  org.apache.ibatis.type.IntegerTypeHandler.getNullableResult(IntegerTypeHandler.java:37)
2022-12월-21 12:59:40 오후 [http-nio-8080-exec-8] DEBUG jdbc.resultset - 103. ResultSet.getInt(commentcnt) returned 0  org.apache.ibatis.type.IntegerTypeHandler.getNullableResult(IntegerTypeHandler.java:37)
2022-12월-21 12:59:40 오후 [http-nio-8080-exec-8] DEBUG jdbc.resultset - 103. ResultSet.wasNull() returned false  org.apache.ibatis.type.IntegerTypeHandler.getNullableResult(IntegerTypeHandler.java:38)
2022-12월-21 12:59:40 오후 [http-nio-8080-exec-8] DEBUG jdbc.resultset - 103. ResultSet.getInt(category_idx) returned 1  org.apache.ibatis.type.IntegerTypeHandler.getNullableResult(IntegerTypeHandler.java:37)
2022-12월-21 12:59:40 오후 [http-nio-8080-exec-8] DEBUG jdbc.resultset - 103. ResultSet.getInt(comment_idx) returned 0  org.apache.ibatis.type.IntegerTypeHandler.getNullableResult(IntegerTypeHandler.java:37)
2022-12월-21 12:59:40 오후 [http-nio-8080-exec-8] DEBUG jdbc.resultset - 103. ResultSet.wasNull() returned false  org.apache.ibatis.type.IntegerTypeHandler.getNullableResult(IntegerTypeHandler.java:38)
2022-12월-21 12:59:40 오후 [http-nio-8080-exec-8] DEBUG jdbc.resultset - 103. ResultSet.getInt(file_idx) returned 0  org.apache.ibatis.type.IntegerTypeHandler.getNullableResult(IntegerTypeHandler.java:37)
2022-12월-21 12:59:40 오후 [http-nio-8080-exec-8] DEBUG jdbc.resultset - 103. ResultSet.wasNull() returned false  org.apache.ibatis.type.IntegerTypeHandler.getNullableResult(IntegerTypeHandler.java:38)
2022-12월-21 12:59:40 오후 [http-nio-8080-exec-8] DEBUG jdbc.resultset - 103. ResultSet.getInt(member_idx) returned 0  org.apache.ibatis.type.IntegerTypeHandler.getNullableResult(IntegerTypeHandler.java:37)
2022-12월-21 12:59:40 오후 [http-nio-8080-exec-8] DEBUG jdbc.resultset - 103. ResultSet.wasNull() returned false  org.apache.ibatis.type.IntegerTypeHandler.getNullableResult(IntegerTypeHandler.java:38)
2022-12월-21 12:59:40 오후 [http-nio-8080-exec-8] DEBUG jdbc.resultset - 103. ResultSet.isClosed() returned false  org.apache.ibatis.executor.resultset.DefaultResultSetHandler.handleRowValuesForSimpleResultMap(DefaultResultSetHandler.java:352)
2022-12월-21 12:59:40 오후 [http-nio-8080-exec-8] INFO  jdbc.resultsettable - 
|----------|-------|------|-------|-------|-----|-------------------------------------------------------------|------------------|-----------|------------|------------|---------------|-----------------------------------------------------------|----|--------------|----|-------|-------|-----|-----------|-----------|--------------------|----|--------|-----------|-------------|------------|---------|-----------|
|board_idx |parent |depth |sortno |userid |name |pass                                                         |email             |homepage   |link1       |link2       |title          |content                                                    |hit |cipp          |tag |secret |notice |vote |sdate      |edate      |regdate             |del |filecnt |commentcnt |category_idx |comment_idx |file_idx |member_idx |
|----------|-------|------|-------|-------|-----|-------------------------------------------------------------|------------------|-----------|------------|------------|---------------|-----------------------------------------------------------|----|--------------|----|-------|-------|-----|-----------|-----------|--------------------|----|--------|-----------|-------------|------------|---------|-----------|
|3         |3      |0     |0      |admin  |관리자  |$2a$10$ll72HKcv1JhjenZXMfDnQ.H/i9M5qHOAxDR0Sn4UueciMnd9itxnu |qntyd79@naver.com |test.co.kr |link1.co.kr |link2.co.kr |첨부파일등록 테스트입니다. |첨부파일 등록테스트입니다.<br />
첨부파일 등록테스트입니다.<br />
첨부파일 등록테스트입니다. |1   |218.38.137.28 |0   |0      |0      |0    |2022-01-03 |2022-01-04 |2022-12-21 12:40:51 |N   |4       |0          |1            |0           |0        |0          |
|----------|-------|------|-------|-------|-----|-------------------------------------------------------------|------------------|-----------|------------|------------|---------------|-----------------------------------------------------------|----|--------------|----|-------|-------|-----|-----------|-----------|--------------------|----|--------|-----------|-------------|------------|---------|-----------|

2022-12월-21 12:59:40 오후 [http-nio-8080-exec-8] DEBUG jdbc.resultset - 103. ResultSet.next() returned false  org.apache.ibatis.executor.resultset.DefaultResultSetHandler.handleRowValuesForSimpleResultMap(DefaultResultSetHandler.java:352)
2022-12월-21 12:59:40 오후 [http-nio-8080-exec-8] DEBUG jdbc.resultset - 103. ResultSet.close() returned void  org.apache.ibatis.executor.resultset.DefaultResultSetHandler.closeResultSet(DefaultResultSetHandler.java:276)
2022-12월-21 12:59:40 오후 [http-nio-8080-exec-8] DEBUG jdbc.resultset - 104. ResultSet.new ResultSet returned   org.apache.ibatis.executor.resultset.DefaultResultSetHandler.getFirstResultSet(DefaultResultSetHandler.java:237)
2022-12월-21 12:59:40 오후 [http-nio-8080-exec-8] DEBUG jdbc.resultset - 104. ResultSet.getMetaData() returned com.mysql.cj.jdbc.result.ResultSetMetaData@599a4f3e - Field level information: 
	com.mysql.cj.result.Field@3eefce97[dbName=mydb,tableName=jhbbs_category,originalTableName=jhbbs_category,columnName=category_idx,originalColumnName=category_idx,mysqlType=3(FIELD_TYPE_INT),sqlType=4,flags= AUTO_INCREMENT PRIMARY_KEY, charsetIndex=63, charsetName=ISO-8859-1]
	com.mysql.cj.result.Field@45a0761f[dbName=mydb,tableName=jhbbs_category,originalTableName=jhbbs_category,columnName=title,originalColumnName=title,mysqlType=253(FIELD_TYPE_VARCHAR),sqlType=12,flags=, charsetIndex=255, charsetName=UTF-8]  org.apache.ibatis.executor.resultset.ResultSetWrapper.<init>(ResultSetWrapper.java:56)
2022-12월-21 12:59:40 오후 [http-nio-8080-exec-8] DEBUG jdbc.resultset - 104. ResultSet.getType() returned 1003  org.apache.ibatis.executor.resultset.DefaultResultSetHandler.skipRows(DefaultResultSetHandler.java:378)
2022-12월-21 12:59:40 오후 [http-nio-8080-exec-8] DEBUG jdbc.resultset - 104. ResultSet.isClosed() returned false  org.apache.ibatis.executor.resultset.DefaultResultSetHandler.handleRowValuesForSimpleResultMap(DefaultResultSetHandler.java:352)
2022-12월-21 12:59:40 오후 [http-nio-8080-exec-8] DEBUG jdbc.resultset - 104. ResultSet.next() returned true  org.apache.ibatis.executor.resultset.DefaultResultSetHandler.handleRowValuesForSimpleResultMap(DefaultResultSetHandler.java:352)
2022-12월-21 12:59:40 오후 [http-nio-8080-exec-8] DEBUG jdbc.resultset - 104. ResultSet.getInt(category_idx) returned 1  org.apache.ibatis.type.IntegerTypeHandler.getNullableResult(IntegerTypeHandler.java:37)
2022-12월-21 12:59:40 오후 [http-nio-8080-exec-8] DEBUG jdbc.resultset - 104. ResultSet.getString(title) returned 일반  org.apache.ibatis.type.StringTypeHandler.getNullableResult(StringTypeHandler.java:37)
2022-12월-21 12:59:40 오후 [http-nio-8080-exec-8] DEBUG jdbc.resultset - 104. ResultSet.isClosed() returned false  org.apache.ibatis.executor.resultset.DefaultResultSetHandler.handleRowValuesForSimpleResultMap(DefaultResultSetHandler.java:352)
2022-12월-21 12:59:40 오후 [http-nio-8080-exec-8] INFO  jdbc.resultsettable - 
|-------------|------|
|category_idx |title |
|-------------|------|
|1            |일반    |
|-------------|------|

2022-12월-21 12:59:40 오후 [http-nio-8080-exec-8] DEBUG jdbc.resultset - 104. ResultSet.next() returned false  org.apache.ibatis.executor.resultset.DefaultResultSetHandler.handleRowValuesForSimpleResultMap(DefaultResultSetHandler.java:352)
2022-12월-21 12:59:40 오후 [http-nio-8080-exec-8] DEBUG jdbc.resultset - 104. ResultSet.close() returned void  org.apache.ibatis.executor.resultset.DefaultResultSetHandler.closeResultSet(DefaultResultSetHandler.java:276)
2022-12월-21 12:59:40 오후 [http-nio-8080-exec-8] DEBUG jdbc.resultset - 105. ResultSet.new ResultSet returned   org.apache.ibatis.executor.resultset.DefaultResultSetHandler.getFirstResultSet(DefaultResultSetHandler.java:237)
2022-12월-21 12:59:40 오후 [http-nio-8080-exec-8] DEBUG jdbc.resultset - 105. ResultSet.getMetaData() returned com.mysql.cj.jdbc.result.ResultSetMetaData@31253ffd - Field level information: 
	com.mysql.cj.result.Field@4eaf545a[dbName=mydb,tableName=jhbbs_file,originalTableName=jhbbs_file,columnName=file_idx,originalColumnName=file_idx,mysqlType=3(FIELD_TYPE_INT),sqlType=4,flags= AUTO_INCREMENT PRIMARY_KEY, charsetIndex=63, charsetName=ISO-8859-1]
	com.mysql.cj.result.Field@fdaa060[dbName=mydb,tableName=jhbbs_file,originalTableName=jhbbs_file,columnName=file_name,originalColumnName=file_name,mysqlType=253(FIELD_TYPE_VARCHAR),sqlType=12,flags=, charsetIndex=255, charsetName=UTF-8]
	com.mysql.cj.result.Field@506c2ccd[dbName=mydb,tableName=jhbbs_file,originalTableName=jhbbs_file,columnName=file_hash_name,originalColumnName=file_hash_name,mysqlType=253(FIELD_TYPE_VARCHAR),sqlType=12,flags=, charsetIndex=255, charsetName=UTF-8]
	com.mysql.cj.result.Field@482e3bea[dbName=mydb,tableName=jhbbs_file,originalTableName=jhbbs_file,columnName=file_size,originalColumnName=file_size,mysqlType=253(FIELD_TYPE_VARCHAR),sqlType=12,flags=, charsetIndex=255, charsetName=UTF-8]
	com.mysql.cj.result.Field@7c17bb31[dbName=mydb,tableName=jhbbs_file,originalTableName=jhbbs_file,columnName=file_type,originalColumnName=file_type,mysqlType=253(FIELD_TYPE_VARCHAR),sqlType=12,flags=, charsetIndex=255, charsetName=UTF-8]
	com.mysql.cj.result.Field@2614cd73[dbName=mydb,tableName=jhbbs_file,originalTableName=jhbbs_file,columnName=file_ext,originalColumnName=file_ext,mysqlType=253(FIELD_TYPE_VARCHAR),sqlType=12,flags=, charsetIndex=255, charsetName=UTF-8]
	com.mysql.cj.result.Field@17af9738[dbName=mydb,tableName=jhbbs_file,originalTableName=jhbbs_file,columnName=download,originalColumnName=download,mysqlType=3(FIELD_TYPE_INT),sqlType=4,flags=, charsetIndex=63, charsetName=ISO-8859-1]
	com.mysql.cj.result.Field@2e670f4c[dbName=mydb,tableName=jhbbs_file,originalTableName=jhbbs_file,columnName=regdate,originalColumnName=regdate,mysqlType=12(FIELD_TYPE_DATETIME),sqlType=93,flags= BINARY, charsetIndex=63, charsetName=ISO-8859-1]
	com.mysql.cj.result.Field@6f68f782[dbName=mydb,tableName=jhbbs_file,originalTableName=jhbbs_file,columnName=del,originalColumnName=del,mysqlType=253(FIELD_TYPE_VARCHAR),sqlType=12,flags=, charsetIndex=255, charsetName=UTF-8]
	com.mysql.cj.result.Field@6f17c049[dbName=mydb,tableName=jhbbs_file,originalTableName=jhbbs_file,columnName=board_idx,originalColumnName=board_idx,mysqlType=3(FIELD_TYPE_INT),sqlType=4,flags=, charsetIndex=63, charsetName=ISO-8859-1]
	com.mysql.cj.result.Field@46a9cc4[dbName=mydb,tableName=jhbbs_file,originalTableName=jhbbs_file,columnName=category_idx,originalColumnName=category_idx,mysqlType=3(FIELD_TYPE_INT),sqlType=4,flags=, charsetIndex=63, charsetName=ISO-8859-1]
	com.mysql.cj.result.Field@1261fe6a[dbName=mydb,tableName=jhbbs_file,originalTableName=jhbbs_file,columnName=member_idx,originalColumnName=member_idx,mysqlType=3(FIELD_TYPE_INT),sqlType=4,flags=, charsetIndex=63, charsetName=ISO-8859-1]
	com.mysql.cj.result.Field@3a1ddf43[dbName=mydb,tableName=jhbbs_file,originalTableName=jhbbs_file,columnName=email_idx,originalColumnName=email_idx,mysqlType=3(FIELD_TYPE_INT),sqlType=4,flags=, charsetIndex=63, charsetName=ISO-8859-1]  org.apache.ibatis.executor.resultset.ResultSetWrapper.<init>(ResultSetWrapper.java:56)
2022-12월-21 12:59:40 오후 [http-nio-8080-exec-8] DEBUG jdbc.resultset - 105. ResultSet.getType() returned 1003  org.apache.ibatis.executor.resultset.DefaultResultSetHandler.skipRows(DefaultResultSetHandler.java:378)
2022-12월-21 12:59:40 오후 [http-nio-8080-exec-8] DEBUG jdbc.resultset - 105. ResultSet.isClosed() returned false  org.apache.ibatis.executor.resultset.DefaultResultSetHandler.handleRowValuesForSimpleResultMap(DefaultResultSetHandler.java:352)
2022-12월-21 12:59:40 오후 [http-nio-8080-exec-8] DEBUG jdbc.resultset - 105. ResultSet.next() returned true  org.apache.ibatis.executor.resultset.DefaultResultSetHandler.handleRowValuesForSimpleResultMap(DefaultResultSetHandler.java:352)
2022-12월-21 12:59:40 오후 [http-nio-8080-exec-8] DEBUG jdbc.resultset - 105. ResultSet.getInt(file_idx) returned 4  org.apache.ibatis.type.IntegerTypeHandler.getNullableResult(IntegerTypeHandler.java:37)
2022-12월-21 12:59:40 오후 [http-nio-8080-exec-8] DEBUG jdbc.resultset - 105. ResultSet.getString(file_name) returned day1_1478933589600.pdf  org.apache.ibatis.type.StringTypeHandler.getNullableResult(StringTypeHandler.java:37)
2022-12월-21 12:59:40 오후 [http-nio-8080-exec-8] DEBUG jdbc.resultset - 105. ResultSet.getString(file_hash_name) returned /2022/12/21/32a5f82d-5685-40be-9d3c-9daf6ce3cfce_day1_1478933589600.pdf  org.apache.ibatis.type.StringTypeHandler.getNullableResult(StringTypeHandler.java:37)
2022-12월-21 12:59:40 오후 [http-nio-8080-exec-8] DEBUG jdbc.resultset - 105. ResultSet.getLong(file_size) returned 331151  org.apache.ibatis.type.LongTypeHandler.getNullableResult(LongTypeHandler.java:37)
2022-12월-21 12:59:40 오후 [http-nio-8080-exec-8] DEBUG jdbc.resultset - 105. ResultSet.getString(file_type) returned application/pdf  org.apache.ibatis.type.StringTypeHandler.getNullableResult(StringTypeHandler.java:37)
2022-12월-21 12:59:40 오후 [http-nio-8080-exec-8] DEBUG jdbc.resultset - 105. ResultSet.getString(file_ext) returned pdf  org.apache.ibatis.type.StringTypeHandler.getNullableResult(StringTypeHandler.java:37)
2022-12월-21 12:59:40 오후 [http-nio-8080-exec-8] DEBUG jdbc.resultset - 105. ResultSet.getInt(download) returned 0  org.apache.ibatis.type.IntegerTypeHandler.getNullableResult(IntegerTypeHandler.java:37)
2022-12월-21 12:59:40 오후 [http-nio-8080-exec-8] DEBUG jdbc.resultset - 105. ResultSet.wasNull() returned false  org.apache.ibatis.type.IntegerTypeHandler.getNullableResult(IntegerTypeHandler.java:38)
2022-12월-21 12:59:40 오후 [http-nio-8080-exec-8] DEBUG jdbc.resultset - 105. ResultSet.getString(regdate) returned 2022-12-21 12:43:54  org.apache.ibatis.type.StringTypeHandler.getNullableResult(StringTypeHandler.java:37)
2022-12월-21 12:59:40 오후 [http-nio-8080-exec-8] DEBUG jdbc.resultset - 105. ResultSet.getString(del) returned N  org.apache.ibatis.type.StringTypeHandler.getNullableResult(StringTypeHandler.java:37)
2022-12월-21 12:59:40 오후 [http-nio-8080-exec-8] DEBUG jdbc.resultset - 105. ResultSet.getInt(board_idx) returned 3  org.apache.ibatis.type.IntegerTypeHandler.getNullableResult(IntegerTypeHandler.java:37)
2022-12월-21 12:59:40 오후 [http-nio-8080-exec-8] DEBUG jdbc.resultset - 105. ResultSet.getInt(category_idx) returned 1  org.apache.ibatis.type.IntegerTypeHandler.getNullableResult(IntegerTypeHandler.java:37)
2022-12월-21 12:59:40 오후 [http-nio-8080-exec-8] DEBUG jdbc.resultset - 105. ResultSet.getInt(member_idx) returned 0  org.apache.ibatis.type.IntegerTypeHandler.getNullableResult(IntegerTypeHandler.java:37)
2022-12월-21 12:59:40 오후 [http-nio-8080-exec-8] DEBUG jdbc.resultset - 105. ResultSet.wasNull() returned false  org.apache.ibatis.type.IntegerTypeHandler.getNullableResult(IntegerTypeHandler.java:38)
2022-12월-21 12:59:40 오후 [http-nio-8080-exec-8] DEBUG jdbc.resultset - 105. ResultSet.getInt(email_idx) returned 0  org.apache.ibatis.type.IntegerTypeHandler.getNullableResult(IntegerTypeHandler.java:37)
2022-12월-21 12:59:40 오후 [http-nio-8080-exec-8] DEBUG jdbc.resultset - 105. ResultSet.wasNull() returned false  org.apache.ibatis.type.IntegerTypeHandler.getNullableResult(IntegerTypeHandler.java:38)
2022-12월-21 12:59:40 오후 [http-nio-8080-exec-8] DEBUG jdbc.resultset - 105. ResultSet.isClosed() returned false  org.apache.ibatis.executor.resultset.DefaultResultSetHandler.handleRowValuesForSimpleResultMap(DefaultResultSetHandler.java:352)
2022-12월-21 12:59:40 오후 [http-nio-8080-exec-8] DEBUG jdbc.resultset - 105. ResultSet.next() returned true  org.apache.ibatis.executor.resultset.DefaultResultSetHandler.handleRowValuesForSimpleResultMap(DefaultResultSetHandler.java:352)
2022-12월-21 12:59:40 오후 [http-nio-8080-exec-8] DEBUG jdbc.resultset - 105. ResultSet.getInt(file_idx) returned 1  org.apache.ibatis.type.IntegerTypeHandler.getNullableResult(IntegerTypeHandler.java:37)
2022-12월-21 12:59:40 오후 [http-nio-8080-exec-8] DEBUG jdbc.resultset - 105. ResultSet.getString(file_name) returned day2_1478933583373.pdf  org.apache.ibatis.type.StringTypeHandler.getNullableResult(StringTypeHandler.java:37)
2022-12월-21 12:59:40 오후 [http-nio-8080-exec-8] DEBUG jdbc.resultset - 105. ResultSet.getString(file_hash_name) returned /2022/12/21/0eeef268-2d73-438d-9f81-7fe434b00a40_day2_1478933583373.pdf  org.apache.ibatis.type.StringTypeHandler.getNullableResult(StringTypeHandler.java:37)
2022-12월-21 12:59:40 오후 [http-nio-8080-exec-8] DEBUG jdbc.resultset - 105. ResultSet.getLong(file_size) returned 368571  org.apache.ibatis.type.LongTypeHandler.getNullableResult(LongTypeHandler.java:37)
2022-12월-21 12:59:40 오후 [http-nio-8080-exec-8] DEBUG jdbc.resultset - 105. ResultSet.getString(file_type) returned application/pdf  org.apache.ibatis.type.StringTypeHandler.getNullableResult(StringTypeHandler.java:37)
2022-12월-21 12:59:40 오후 [http-nio-8080-exec-8] DEBUG jdbc.resultset - 105. ResultSet.getString(file_ext) returned pdf  org.apache.ibatis.type.StringTypeHandler.getNullableResult(StringTypeHandler.java:37)
2022-12월-21 12:59:40 오후 [http-nio-8080-exec-8] DEBUG jdbc.resultset - 105. ResultSet.getInt(download) returned 0  org.apache.ibatis.type.IntegerTypeHandler.getNullableResult(IntegerTypeHandler.java:37)
2022-12월-21 12:59:40 오후 [http-nio-8080-exec-8] DEBUG jdbc.resultset - 105. ResultSet.wasNull() returned false  org.apache.ibatis.type.IntegerTypeHandler.getNullableResult(IntegerTypeHandler.java:38)
2022-12월-21 12:59:40 오후 [http-nio-8080-exec-8] DEBUG jdbc.resultset - 105. ResultSet.getString(regdate) returned 2022-12-21 12:40:51  org.apache.ibatis.type.StringTypeHandler.getNullableResult(StringTypeHandler.java:37)
2022-12월-21 12:59:40 오후 [http-nio-8080-exec-8] DEBUG jdbc.resultset - 105. ResultSet.getString(del) returned N  org.apache.ibatis.type.StringTypeHandler.getNullableResult(StringTypeHandler.java:37)
2022-12월-21 12:59:40 오후 [http-nio-8080-exec-8] DEBUG jdbc.resultset - 105. ResultSet.getInt(board_idx) returned 3  org.apache.ibatis.type.IntegerTypeHandler.getNullableResult(IntegerTypeHandler.java:37)
2022-12월-21 12:59:40 오후 [http-nio-8080-exec-8] DEBUG jdbc.resultset - 105. ResultSet.getInt(category_idx) returned 1  org.apache.ibatis.type.IntegerTypeHandler.getNullableResult(IntegerTypeHandler.java:37)
2022-12월-21 12:59:40 오후 [http-nio-8080-exec-8] DEBUG jdbc.resultset - 105. ResultSet.getInt(member_idx) returned 0  org.apache.ibatis.type.IntegerTypeHandler.getNullableResult(IntegerTypeHandler.java:37)
2022-12월-21 12:59:40 오후 [http-nio-8080-exec-8] DEBUG jdbc.resultset - 105. ResultSet.wasNull() returned false  org.apache.ibatis.type.IntegerTypeHandler.getNullableResult(IntegerTypeHandler.java:38)
2022-12월-21 12:59:40 오후 [http-nio-8080-exec-8] DEBUG jdbc.resultset - 105. ResultSet.getInt(email_idx) returned 0  org.apache.ibatis.type.IntegerTypeHandler.getNullableResult(IntegerTypeHandler.java:37)
2022-12월-21 12:59:40 오후 [http-nio-8080-exec-8] DEBUG jdbc.resultset - 105. ResultSet.wasNull() returned false  org.apache.ibatis.type.IntegerTypeHandler.getNullableResult(IntegerTypeHandler.java:38)
2022-12월-21 12:59:40 오후 [http-nio-8080-exec-8] DEBUG jdbc.resultset - 105. ResultSet.isClosed() returned false  org.apache.ibatis.executor.resultset.DefaultResultSetHandler.handleRowValuesForSimpleResultMap(DefaultResultSetHandler.java:352)
2022-12월-21 12:59:40 오후 [http-nio-8080-exec-8] DEBUG jdbc.resultset - 105. ResultSet.next() returned true  org.apache.ibatis.executor.resultset.DefaultResultSetHandler.handleRowValuesForSimpleResultMap(DefaultResultSetHandler.java:352)
2022-12월-21 12:59:40 오후 [http-nio-8080-exec-8] DEBUG jdbc.resultset - 105. ResultSet.getInt(file_idx) returned 2  org.apache.ibatis.type.IntegerTypeHandler.getNullableResult(IntegerTypeHandler.java:37)
2022-12월-21 12:59:40 오후 [http-nio-8080-exec-8] DEBUG jdbc.resultset - 105. ResultSet.getString(file_name) returned day3_1478933597066.pdf  org.apache.ibatis.type.StringTypeHandler.getNullableResult(StringTypeHandler.java:37)
2022-12월-21 12:59:40 오후 [http-nio-8080-exec-8] DEBUG jdbc.resultset - 105. ResultSet.getString(file_hash_name) returned /2022/12/21/8ba5bd6f-6c16-4e59-9f46-269dcc3a910f_day3_1478933597066.pdf  org.apache.ibatis.type.StringTypeHandler.getNullableResult(StringTypeHandler.java:37)
2022-12월-21 12:59:40 오후 [http-nio-8080-exec-8] DEBUG jdbc.resultset - 105. ResultSet.getLong(file_size) returned 305682  org.apache.ibatis.type.LongTypeHandler.getNullableResult(LongTypeHandler.java:37)
2022-12월-21 12:59:40 오후 [http-nio-8080-exec-8] DEBUG jdbc.resultset - 105. ResultSet.getString(file_type) returned application/pdf  org.apache.ibatis.type.StringTypeHandler.getNullableResult(StringTypeHandler.java:37)
2022-12월-21 12:59:40 오후 [http-nio-8080-exec-8] DEBUG jdbc.resultset - 105. ResultSet.getString(file_ext) returned pdf  org.apache.ibatis.type.StringTypeHandler.getNullableResult(StringTypeHandler.java:37)
2022-12월-21 12:59:40 오후 [http-nio-8080-exec-8] DEBUG jdbc.resultset - 105. ResultSet.getInt(download) returned 0  org.apache.ibatis.type.IntegerTypeHandler.getNullableResult(IntegerTypeHandler.java:37)
2022-12월-21 12:59:40 오후 [http-nio-8080-exec-8] DEBUG jdbc.resultset - 105. ResultSet.wasNull() returned false  org.apache.ibatis.type.IntegerTypeHandler.getNullableResult(IntegerTypeHandler.java:38)
2022-12월-21 12:59:40 오후 [http-nio-8080-exec-8] DEBUG jdbc.resultset - 105. ResultSet.getString(regdate) returned 2022-12-21 12:40:51  org.apache.ibatis.type.StringTypeHandler.getNullableResult(StringTypeHandler.java:37)
2022-12월-21 12:59:40 오후 [http-nio-8080-exec-8] DEBUG jdbc.resultset - 105. ResultSet.getString(del) returned N  org.apache.ibatis.type.StringTypeHandler.getNullableResult(StringTypeHandler.java:37)
2022-12월-21 12:59:40 오후 [http-nio-8080-exec-8] DEBUG jdbc.resultset - 105. ResultSet.getInt(board_idx) returned 3  org.apache.ibatis.type.IntegerTypeHandler.getNullableResult(IntegerTypeHandler.java:37)
2022-12월-21 12:59:40 오후 [http-nio-8080-exec-8] DEBUG jdbc.resultset - 105. ResultSet.getInt(category_idx) returned 1  org.apache.ibatis.type.IntegerTypeHandler.getNullableResult(IntegerTypeHandler.java:37)
2022-12월-21 12:59:40 오후 [http-nio-8080-exec-8] DEBUG jdbc.resultset - 105. ResultSet.getInt(member_idx) returned 0  org.apache.ibatis.type.IntegerTypeHandler.getNullableResult(IntegerTypeHandler.java:37)
2022-12월-21 12:59:40 오후 [http-nio-8080-exec-8] DEBUG jdbc.resultset - 105. ResultSet.wasNull() returned false  org.apache.ibatis.type.IntegerTypeHandler.getNullableResult(IntegerTypeHandler.java:38)
2022-12월-21 12:59:40 오후 [http-nio-8080-exec-8] DEBUG jdbc.resultset - 105. ResultSet.getInt(email_idx) returned 0  org.apache.ibatis.type.IntegerTypeHandler.getNullableResult(IntegerTypeHandler.java:37)
2022-12월-21 12:59:40 오후 [http-nio-8080-exec-8] DEBUG jdbc.resultset - 105. ResultSet.wasNull() returned false  org.apache.ibatis.type.IntegerTypeHandler.getNullableResult(IntegerTypeHandler.java:38)
2022-12월-21 12:59:40 오후 [http-nio-8080-exec-8] DEBUG jdbc.resultset - 105. ResultSet.isClosed() returned false  org.apache.ibatis.executor.resultset.DefaultResultSetHandler.handleRowValuesForSimpleResultMap(DefaultResultSetHandler.java:352)
2022-12월-21 12:59:40 오후 [http-nio-8080-exec-8] DEBUG jdbc.resultset - 105. ResultSet.next() returned true  org.apache.ibatis.executor.resultset.DefaultResultSetHandler.handleRowValuesForSimpleResultMap(DefaultResultSetHandler.java:352)
2022-12월-21 12:59:40 오후 [http-nio-8080-exec-8] DEBUG jdbc.resultset - 105. ResultSet.getInt(file_idx) returned 3  org.apache.ibatis.type.IntegerTypeHandler.getNullableResult(IntegerTypeHandler.java:37)
2022-12월-21 12:59:40 오후 [http-nio-8080-exec-8] DEBUG jdbc.resultset - 105. ResultSet.getString(file_name) returned day4_1478933604875.pdf  org.apache.ibatis.type.StringTypeHandler.getNullableResult(StringTypeHandler.java:37)
2022-12월-21 12:59:40 오후 [http-nio-8080-exec-8] DEBUG jdbc.resultset - 105. ResultSet.getString(file_hash_name) returned /2022/12/21/bfdd8521-9d24-493a-b87d-9e342d8f3e06_day4_1478933604875.pdf  org.apache.ibatis.type.StringTypeHandler.getNullableResult(StringTypeHandler.java:37)
2022-12월-21 12:59:40 오후 [http-nio-8080-exec-8] DEBUG jdbc.resultset - 105. ResultSet.getLong(file_size) returned 392484  org.apache.ibatis.type.LongTypeHandler.getNullableResult(LongTypeHandler.java:37)
2022-12월-21 12:59:40 오후 [http-nio-8080-exec-8] DEBUG jdbc.resultset - 105. ResultSet.getString(file_type) returned application/pdf  org.apache.ibatis.type.StringTypeHandler.getNullableResult(StringTypeHandler.java:37)
2022-12월-21 12:59:40 오후 [http-nio-8080-exec-8] DEBUG jdbc.resultset - 105. ResultSet.getString(file_ext) returned pdf  org.apache.ibatis.type.StringTypeHandler.getNullableResult(StringTypeHandler.java:37)
2022-12월-21 12:59:40 오후 [http-nio-8080-exec-8] DEBUG jdbc.resultset - 105. ResultSet.getInt(download) returned 0  org.apache.ibatis.type.IntegerTypeHandler.getNullableResult(IntegerTypeHandler.java:37)
2022-12월-21 12:59:40 오후 [http-nio-8080-exec-8] DEBUG jdbc.resultset - 105. ResultSet.wasNull() returned false  org.apache.ibatis.type.IntegerTypeHandler.getNullableResult(IntegerTypeHandler.java:38)
2022-12월-21 12:59:40 오후 [http-nio-8080-exec-8] DEBUG jdbc.resultset - 105. ResultSet.getString(regdate) returned 2022-12-21 12:40:51  org.apache.ibatis.type.StringTypeHandler.getNullableResult(StringTypeHandler.java:37)
2022-12월-21 12:59:40 오후 [http-nio-8080-exec-8] DEBUG jdbc.resultset - 105. ResultSet.getString(del) returned N  org.apache.ibatis.type.StringTypeHandler.getNullableResult(StringTypeHandler.java:37)
2022-12월-21 12:59:40 오후 [http-nio-8080-exec-8] DEBUG jdbc.resultset - 105. ResultSet.getInt(board_idx) returned 3  org.apache.ibatis.type.IntegerTypeHandler.getNullableResult(IntegerTypeHandler.java:37)
2022-12월-21 12:59:40 오후 [http-nio-8080-exec-8] DEBUG jdbc.resultset - 105. ResultSet.getInt(category_idx) returned 1  org.apache.ibatis.type.IntegerTypeHandler.getNullableResult(IntegerTypeHandler.java:37)
2022-12월-21 12:59:40 오후 [http-nio-8080-exec-8] DEBUG jdbc.resultset - 105. ResultSet.getInt(member_idx) returned 0  org.apache.ibatis.type.IntegerTypeHandler.getNullableResult(IntegerTypeHandler.java:37)
2022-12월-21 12:59:40 오후 [http-nio-8080-exec-8] DEBUG jdbc.resultset - 105. ResultSet.wasNull() returned false  org.apache.ibatis.type.IntegerTypeHandler.getNullableResult(IntegerTypeHandler.java:38)
2022-12월-21 12:59:40 오후 [http-nio-8080-exec-8] DEBUG jdbc.resultset - 105. ResultSet.getInt(email_idx) returned 0  org.apache.ibatis.type.IntegerTypeHandler.getNullableResult(IntegerTypeHandler.java:37)
2022-12월-21 12:59:40 오후 [http-nio-8080-exec-8] DEBUG jdbc.resultset - 105. ResultSet.wasNull() returned false  org.apache.ibatis.type.IntegerTypeHandler.getNullableResult(IntegerTypeHandler.java:38)
2022-12월-21 12:59:40 오후 [http-nio-8080-exec-8] DEBUG jdbc.resultset - 105. ResultSet.isClosed() returned false  org.apache.ibatis.executor.resultset.DefaultResultSetHandler.handleRowValuesForSimpleResultMap(DefaultResultSetHandler.java:352)
2022-12월-21 12:59:40 오후 [http-nio-8080-exec-8] INFO  jdbc.resultsettable - 
|---------|-----------------------|------------------------------------------------------------------------|----------|----------------|---------|---------|--------------------|----|----------|-------------|-----------|----------|
|file_idx |file_name              |file_hash_name                                                          |file_size |file_type       |file_ext |download |regdate             |del |board_idx |category_idx |member_idx |email_idx |
|---------|-----------------------|------------------------------------------------------------------------|----------|----------------|---------|---------|--------------------|----|----------|-------------|-----------|----------|
|4        |day1_1478933589600.pdf |/2022/12/21/32a5f82d-5685-40be-9d3c-9daf6ce3cfce_day1_1478933589600.pdf |331151    |application/pdf |pdf      |0        |2022-12-21 12:43:54 |N   |3         |1            |0          |0         |
|1        |day2_1478933583373.pdf |/2022/12/21/0eeef268-2d73-438d-9f81-7fe434b00a40_day2_1478933583373.pdf |368571    |application/pdf |pdf      |0        |2022-12-21 12:40:51 |N   |3         |1            |0          |0         |
|2        |day3_1478933597066.pdf |/2022/12/21/8ba5bd6f-6c16-4e59-9f46-269dcc3a910f_day3_1478933597066.pdf |305682    |application/pdf |pdf      |0        |2022-12-21 12:40:51 |N   |3         |1            |0          |0         |
|3        |day4_1478933604875.pdf |/2022/12/21/bfdd8521-9d24-493a-b87d-9e342d8f3e06_day4_1478933604875.pdf |392484    |application/pdf |pdf      |0        |2022-12-21 12:40:51 |N   |3         |1            |0          |0         |
|---------|-----------------------|------------------------------------------------------------------------|----------|----------------|---------|---------|--------------------|----|----------|-------------|-----------|----------|

2022-12월-21 12:59:40 오후 [http-nio-8080-exec-8] DEBUG jdbc.resultset - 105. ResultSet.next() returned false  org.apache.ibatis.executor.resultset.DefaultResultSetHandler.handleRowValuesForSimpleResultMap(DefaultResultSetHandler.java:352)
2022-12월-21 12:59:40 오후 [http-nio-8080-exec-8] DEBUG jdbc.resultset - 105. ResultSet.close() returned void  org.apache.ibatis.executor.resultset.DefaultResultSetHandler.closeResultSet(DefaultResultSetHandler.java:276)
